2023-06-13 13:35:56.811 [INF] Application is starting...
2023-06-13 13:39:35.108 [INF] Application is starting...
2023-06-13 13:42:42.779 [INF] Application is starting...
2023-06-13 13:43:01.693 [INF] LogHeartBeatMiddleware.Invoke
2023-06-13 13:43:01.699 [INF] LogErrorHandlerMiddleware.Invoke
2023-06-13 13:43:01.701 [INF] LogRequestLoggingMiddleware.Invoke
2023-06-13 13:43:02.099 [FTL] Path=/simapi/v2/Category || Method=GET || Exception=Unable to resolve service for type 'SimApi.Operation.Dapper.Category.ICategoryService' while attempting to activate 'SimApi.Service.DapperCategoryContoller.CategoryController'.
2023-06-13 13:43:02.137 [ERR] An unhandled exception has occurred while executing the request.
System.ObjectDisposedException: Cannot access a disposed object.
Object name: 'The stream with Id 830f4167-c56e-4ea7-bf8f-d6c91da1bb92 and Tag  is disposed.'.
   at Microsoft.IO.RecyclableMemoryStream.ThrowDisposedException() in /_/src/RecyclableMemoryStream.cs:line 1453
   at Microsoft.IO.RecyclableMemoryStream.Write(Byte[] buffer, Int32 offset, Int32 count) in /_/src/RecyclableMemoryStream.cs:line 997
   at System.IO.MemoryStream.WriteAsync(ReadOnlyMemory`1 buffer, CancellationToken cancellationToken)
--- End of stack trace from previous location ---
   at System.IO.Pipelines.StreamPipeWriter.FlushAsyncInternal(Boolean writeToStream, ReadOnlyMemory`1 data, CancellationToken cancellationToken)
   at SimApi.Service.Middleware.ErrorHandlerMiddleware.Invoke(HttpContext context) in C:\Users\ibrah\Desktop\recep hoca ders kayıt\5.hafta\pzr 5hafta\Yeni klasör\pk-sim-main\SimApi\SimApi\Middleware\ErrorHandlerMiddleware.cs:line 33
   at SimApi.Service.Middleware.HeartBeatMiddleware.Invoke(HttpContext context) in C:\Users\ibrah\Desktop\recep hoca ders kayıt\5.hafta\pzr 5hafta\Yeni klasör\pk-sim-main\SimApi\SimApi\Middleware\HeartBeatMiddleware.cs:line 25
   at Swashbuckle.AspNetCore.SwaggerUI.SwaggerUIMiddleware.Invoke(HttpContext httpContext)
   at Swashbuckle.AspNetCore.Swagger.SwaggerMiddleware.Invoke(HttpContext httpContext, ISwaggerProvider swaggerProvider)
   at Microsoft.AspNetCore.Diagnostics.DeveloperExceptionPageMiddleware.Invoke(HttpContext context)
2023-06-13 13:43:02.391 [ERR] An exception was thrown attempting to display the error page.
System.ObjectDisposedException: Cannot access a disposed object.
Object name: 'The stream with Id 830f4167-c56e-4ea7-bf8f-d6c91da1bb92 and Tag  is disposed.'.
   at Microsoft.IO.RecyclableMemoryStream.ThrowDisposedException() in /_/src/RecyclableMemoryStream.cs:line 1453
   at Microsoft.IO.RecyclableMemoryStream.Write(Byte[] buffer, Int32 offset, Int32 count) in /_/src/RecyclableMemoryStream.cs:line 997
   at System.IO.MemoryStream.WriteAsync(ReadOnlyMemory`1 buffer, CancellationToken cancellationToken)
--- End of stack trace from previous location ---
   at System.IO.Pipelines.StreamPipeWriter.FlushAsyncInternal(Boolean writeToStream, ReadOnlyMemory`1 data, CancellationToken cancellationToken)
   at Microsoft.AspNetCore.Diagnostics.DeveloperExceptionPageMiddleware.Invoke(HttpContext context)
2023-06-13 13:43:02.400 [ERR] Connection id "0HMRBVBLT6L7G", Request id "0HMRBVBLT6L7G:00000019": An unhandled exception was thrown by the application.
System.ObjectDisposedException: Cannot access a disposed object.
Object name: 'The stream with Id 830f4167-c56e-4ea7-bf8f-d6c91da1bb92 and Tag  is disposed.'.
   at Microsoft.IO.RecyclableMemoryStream.ThrowDisposedException() in /_/src/RecyclableMemoryStream.cs:line 1453
   at Microsoft.IO.RecyclableMemoryStream.Write(Byte[] buffer, Int32 offset, Int32 count) in /_/src/RecyclableMemoryStream.cs:line 997
   at System.IO.MemoryStream.WriteAsync(ReadOnlyMemory`1 buffer, CancellationToken cancellationToken)
--- End of stack trace from previous location ---
   at System.IO.Pipelines.StreamPipeWriter.FlushAsyncInternal(Boolean writeToStream, ReadOnlyMemory`1 data, CancellationToken cancellationToken)
   at SimApi.Service.Middleware.ErrorHandlerMiddleware.Invoke(HttpContext context) in C:\Users\ibrah\Desktop\recep hoca ders kayıt\5.hafta\pzr 5hafta\Yeni klasör\pk-sim-main\SimApi\SimApi\Middleware\ErrorHandlerMiddleware.cs:line 33
   at SimApi.Service.Middleware.HeartBeatMiddleware.Invoke(HttpContext context) in C:\Users\ibrah\Desktop\recep hoca ders kayıt\5.hafta\pzr 5hafta\Yeni klasör\pk-sim-main\SimApi\SimApi\Middleware\HeartBeatMiddleware.cs:line 25
   at Swashbuckle.AspNetCore.SwaggerUI.SwaggerUIMiddleware.Invoke(HttpContext httpContext)
   at Swashbuckle.AspNetCore.Swagger.SwaggerMiddleware.Invoke(HttpContext httpContext, ISwaggerProvider swaggerProvider)
   at Microsoft.AspNetCore.Diagnostics.DeveloperExceptionPageMiddleware.Invoke(HttpContext context)
   at Microsoft.AspNetCore.Diagnostics.DeveloperExceptionPageMiddleware.Invoke(HttpContext context)
   at Microsoft.AspNetCore.Watch.BrowserRefresh.BrowserRefreshMiddleware.InvokeAsync(HttpContext context)
   at Microsoft.AspNetCore.Server.Kestrel.Core.Internal.Http.HttpProtocol.ProcessRequests[TContext](IHttpApplication`1 application)
2023-06-13 13:43:38.403 [INF] Application is starting...
2023-06-13 13:53:59.533 [INF] Application is starting...
2023-06-13 13:54:11.624 [INF] Application is starting...
2023-06-13 13:54:41.715 [INF] LogHeartBeatMiddleware.Invoke
2023-06-13 13:54:41.719 [INF] LogErrorHandlerMiddleware.Invoke
2023-06-13 13:54:41.720 [INF] LogRequestLoggingMiddleware.Invoke
2023-06-13 13:54:41.862 [FTL] Path=/simapi/v2/Category || Method=GET || Exception=Unable to resolve service for type 'SimApi.Operation.Dapper.Category.ICategoryService' while attempting to activate 'SimApi.Service.DapperCategoryContoller.CategoryController'.
2023-06-13 13:54:41.898 [ERR] An unhandled exception has occurred while executing the request.
System.ObjectDisposedException: Cannot access a disposed object.
Object name: 'The stream with Id ce4374ee-2dcc-4e0f-bba9-d22c027c1738 and Tag  is disposed.'.
   at Microsoft.IO.RecyclableMemoryStream.ThrowDisposedException() in /_/src/RecyclableMemoryStream.cs:line 1453
   at Microsoft.IO.RecyclableMemoryStream.Write(Byte[] buffer, Int32 offset, Int32 count) in /_/src/RecyclableMemoryStream.cs:line 997
   at System.IO.MemoryStream.WriteAsync(ReadOnlyMemory`1 buffer, CancellationToken cancellationToken)
--- End of stack trace from previous location ---
   at System.IO.Pipelines.StreamPipeWriter.FlushAsyncInternal(Boolean writeToStream, ReadOnlyMemory`1 data, CancellationToken cancellationToken)
   at SimApi.Service.Middleware.ErrorHandlerMiddleware.Invoke(HttpContext context) in C:\Users\ibrah\Desktop\recep hoca ders kayıt\5.hafta\pzr 5hafta\Yeni klasör\pk-sim-main\SimApi\SimApi\Middleware\ErrorHandlerMiddleware.cs:line 33
   at SimApi.Service.Middleware.HeartBeatMiddleware.Invoke(HttpContext context) in C:\Users\ibrah\Desktop\recep hoca ders kayıt\5.hafta\pzr 5hafta\Yeni klasör\pk-sim-main\SimApi\SimApi\Middleware\HeartBeatMiddleware.cs:line 25
   at Swashbuckle.AspNetCore.SwaggerUI.SwaggerUIMiddleware.Invoke(HttpContext httpContext)
   at Swashbuckle.AspNetCore.Swagger.SwaggerMiddleware.Invoke(HttpContext httpContext, ISwaggerProvider swaggerProvider)
   at Microsoft.AspNetCore.Diagnostics.DeveloperExceptionPageMiddleware.Invoke(HttpContext context)
2023-06-13 13:54:41.943 [ERR] An exception was thrown attempting to display the error page.
System.ObjectDisposedException: Cannot access a disposed object.
Object name: 'The stream with Id ce4374ee-2dcc-4e0f-bba9-d22c027c1738 and Tag  is disposed.'.
   at Microsoft.IO.RecyclableMemoryStream.ThrowDisposedException() in /_/src/RecyclableMemoryStream.cs:line 1453
   at Microsoft.IO.RecyclableMemoryStream.Write(Byte[] buffer, Int32 offset, Int32 count) in /_/src/RecyclableMemoryStream.cs:line 997
   at System.IO.MemoryStream.WriteAsync(ReadOnlyMemory`1 buffer, CancellationToken cancellationToken)
--- End of stack trace from previous location ---
   at System.IO.Pipelines.StreamPipeWriter.FlushAsyncInternal(Boolean writeToStream, ReadOnlyMemory`1 data, CancellationToken cancellationToken)
   at Microsoft.AspNetCore.Diagnostics.DeveloperExceptionPageMiddleware.Invoke(HttpContext context)
2023-06-13 13:54:41.952 [ERR] Connection id "0HMRBVI8SDOLC", Request id "0HMRBVI8SDOLC:00000017": An unhandled exception was thrown by the application.
System.ObjectDisposedException: Cannot access a disposed object.
Object name: 'The stream with Id ce4374ee-2dcc-4e0f-bba9-d22c027c1738 and Tag  is disposed.'.
   at Microsoft.IO.RecyclableMemoryStream.ThrowDisposedException() in /_/src/RecyclableMemoryStream.cs:line 1453
   at Microsoft.IO.RecyclableMemoryStream.Write(Byte[] buffer, Int32 offset, Int32 count) in /_/src/RecyclableMemoryStream.cs:line 997
   at System.IO.MemoryStream.WriteAsync(ReadOnlyMemory`1 buffer, CancellationToken cancellationToken)
--- End of stack trace from previous location ---
   at System.IO.Pipelines.StreamPipeWriter.FlushAsyncInternal(Boolean writeToStream, ReadOnlyMemory`1 data, CancellationToken cancellationToken)
   at SimApi.Service.Middleware.ErrorHandlerMiddleware.Invoke(HttpContext context) in C:\Users\ibrah\Desktop\recep hoca ders kayıt\5.hafta\pzr 5hafta\Yeni klasör\pk-sim-main\SimApi\SimApi\Middleware\ErrorHandlerMiddleware.cs:line 33
   at SimApi.Service.Middleware.HeartBeatMiddleware.Invoke(HttpContext context) in C:\Users\ibrah\Desktop\recep hoca ders kayıt\5.hafta\pzr 5hafta\Yeni klasör\pk-sim-main\SimApi\SimApi\Middleware\HeartBeatMiddleware.cs:line 25
   at Swashbuckle.AspNetCore.SwaggerUI.SwaggerUIMiddleware.Invoke(HttpContext httpContext)
   at Swashbuckle.AspNetCore.Swagger.SwaggerMiddleware.Invoke(HttpContext httpContext, ISwaggerProvider swaggerProvider)
   at Microsoft.AspNetCore.Diagnostics.DeveloperExceptionPageMiddleware.Invoke(HttpContext context)
   at Microsoft.AspNetCore.Diagnostics.DeveloperExceptionPageMiddleware.Invoke(HttpContext context)
   at Microsoft.AspNetCore.Watch.BrowserRefresh.BrowserRefreshMiddleware.InvokeAsync(HttpContext context)
   at Microsoft.AspNetCore.Server.Kestrel.Core.Internal.Http.HttpProtocol.ProcessRequests[TContext](IHttpApplication`1 application)
2023-06-13 14:00:53.633 [INF] Application is starting...
2023-06-13 14:01:55.228 [INF] LogHeartBeatMiddleware.Invoke
2023-06-13 14:01:55.231 [INF] LogErrorHandlerMiddleware.Invoke
2023-06-13 14:01:55.234 [INF] LogRequestLoggingMiddleware.Invoke
2023-06-13 14:01:55.394 [FTL] Path=/simapi/v2/Category || Method=GET || Exception=Unable to resolve service for type 'SimApi.Operation.Dapper.Category.ICategoryService' while attempting to activate 'SimApi.Service.DapperCategoryContoller.CategoryController'.
2023-06-13 14:01:55.426 [ERR] An unhandled exception has occurred while executing the request.
System.ObjectDisposedException: Cannot access a disposed object.
Object name: 'The stream with Id 6ba3785a-9351-47fa-a2af-a02d5d50d5c5 and Tag  is disposed.'.
   at Microsoft.IO.RecyclableMemoryStream.ThrowDisposedException() in /_/src/RecyclableMemoryStream.cs:line 1453
   at Microsoft.IO.RecyclableMemoryStream.Write(Byte[] buffer, Int32 offset, Int32 count) in /_/src/RecyclableMemoryStream.cs:line 997
   at System.IO.MemoryStream.WriteAsync(ReadOnlyMemory`1 buffer, CancellationToken cancellationToken)
--- End of stack trace from previous location ---
   at System.IO.Pipelines.StreamPipeWriter.FlushAsyncInternal(Boolean writeToStream, ReadOnlyMemory`1 data, CancellationToken cancellationToken)
   at SimApi.Service.Middleware.ErrorHandlerMiddleware.Invoke(HttpContext context) in C:\Users\ibrah\Desktop\recep hoca ders kayıt\5.hafta\pzr 5hafta\Yeni klasör\pk-sim-main\SimApi\SimApi\Middleware\ErrorHandlerMiddleware.cs:line 33
   at SimApi.Service.Middleware.HeartBeatMiddleware.Invoke(HttpContext context) in C:\Users\ibrah\Desktop\recep hoca ders kayıt\5.hafta\pzr 5hafta\Yeni klasör\pk-sim-main\SimApi\SimApi\Middleware\HeartBeatMiddleware.cs:line 25
   at Swashbuckle.AspNetCore.SwaggerUI.SwaggerUIMiddleware.Invoke(HttpContext httpContext)
   at Swashbuckle.AspNetCore.Swagger.SwaggerMiddleware.Invoke(HttpContext httpContext, ISwaggerProvider swaggerProvider)
   at Microsoft.AspNetCore.Diagnostics.DeveloperExceptionPageMiddleware.Invoke(HttpContext context)
2023-06-13 14:01:55.470 [ERR] An exception was thrown attempting to display the error page.
System.ObjectDisposedException: Cannot access a disposed object.
Object name: 'The stream with Id 6ba3785a-9351-47fa-a2af-a02d5d50d5c5 and Tag  is disposed.'.
   at Microsoft.IO.RecyclableMemoryStream.ThrowDisposedException() in /_/src/RecyclableMemoryStream.cs:line 1453
   at Microsoft.IO.RecyclableMemoryStream.Write(Byte[] buffer, Int32 offset, Int32 count) in /_/src/RecyclableMemoryStream.cs:line 997
   at System.IO.MemoryStream.WriteAsync(ReadOnlyMemory`1 buffer, CancellationToken cancellationToken)
--- End of stack trace from previous location ---
   at System.IO.Pipelines.StreamPipeWriter.FlushAsyncInternal(Boolean writeToStream, ReadOnlyMemory`1 data, CancellationToken cancellationToken)
   at Microsoft.AspNetCore.Diagnostics.DeveloperExceptionPageMiddleware.Invoke(HttpContext context)
2023-06-13 14:01:55.481 [ERR] Connection id "0HMRBVLR647LN", Request id "0HMRBVLR647LN:00000017": An unhandled exception was thrown by the application.
System.ObjectDisposedException: Cannot access a disposed object.
Object name: 'The stream with Id 6ba3785a-9351-47fa-a2af-a02d5d50d5c5 and Tag  is disposed.'.
   at Microsoft.IO.RecyclableMemoryStream.ThrowDisposedException() in /_/src/RecyclableMemoryStream.cs:line 1453
   at Microsoft.IO.RecyclableMemoryStream.Write(Byte[] buffer, Int32 offset, Int32 count) in /_/src/RecyclableMemoryStream.cs:line 997
   at System.IO.MemoryStream.WriteAsync(ReadOnlyMemory`1 buffer, CancellationToken cancellationToken)
--- End of stack trace from previous location ---
   at System.IO.Pipelines.StreamPipeWriter.FlushAsyncInternal(Boolean writeToStream, ReadOnlyMemory`1 data, CancellationToken cancellationToken)
   at SimApi.Service.Middleware.ErrorHandlerMiddleware.Invoke(HttpContext context) in C:\Users\ibrah\Desktop\recep hoca ders kayıt\5.hafta\pzr 5hafta\Yeni klasör\pk-sim-main\SimApi\SimApi\Middleware\ErrorHandlerMiddleware.cs:line 33
   at SimApi.Service.Middleware.HeartBeatMiddleware.Invoke(HttpContext context) in C:\Users\ibrah\Desktop\recep hoca ders kayıt\5.hafta\pzr 5hafta\Yeni klasör\pk-sim-main\SimApi\SimApi\Middleware\HeartBeatMiddleware.cs:line 25
   at Swashbuckle.AspNetCore.SwaggerUI.SwaggerUIMiddleware.Invoke(HttpContext httpContext)
   at Swashbuckle.AspNetCore.Swagger.SwaggerMiddleware.Invoke(HttpContext httpContext, ISwaggerProvider swaggerProvider)
   at Microsoft.AspNetCore.Diagnostics.DeveloperExceptionPageMiddleware.Invoke(HttpContext context)
   at Microsoft.AspNetCore.Diagnostics.DeveloperExceptionPageMiddleware.Invoke(HttpContext context)
   at Microsoft.AspNetCore.Watch.BrowserRefresh.BrowserRefreshMiddleware.InvokeAsync(HttpContext context)
   at Microsoft.AspNetCore.Server.Kestrel.Core.Internal.Http.HttpProtocol.ProcessRequests[TContext](IHttpApplication`1 application)
2023-06-13 14:14:04.606 [INF] Application is starting...
2023-06-13 14:15:35.420 [INF] Application is starting...
2023-06-13 14:21:28.251 [INF] Application is starting...
2023-06-13 14:24:17.935 [INF] Application is starting...
2023-06-13 14:25:57.048 [INF] Application is starting...
2023-06-13 14:29:51.063 [INF] Application is starting...
2023-06-13 14:33:09.771 [INF] Application is starting...
2023-06-13 14:34:10.458 [INF] Application is starting...
2023-06-13 14:36:53.284 [INF] Application is starting...
2023-06-13 14:37:45.555 [INF] Application is starting...
2023-06-13 14:37:58.019 [INF] LogHeartBeatMiddleware.Invoke
2023-06-13 14:37:58.023 [INF] LogErrorHandlerMiddleware.Invoke
2023-06-13 14:37:58.024 [INF] LogRequestLoggingMiddleware.Invoke
2023-06-13 14:37:58.166 [FTL] Path=/simapi/v2/Category || Method=GET || Exception=Unable to resolve service for type 'SimApi.Operation.Dapper.Category.ICategoryService' while attempting to activate 'SimApi.Service.DapperCategoryContoller.CategoryController'.
2023-06-13 14:37:58.203 [ERR] An unhandled exception has occurred while executing the request.
System.ObjectDisposedException: Cannot access a disposed object.
Object name: 'The stream with Id 57965523-f666-4fe6-972f-6707a10a3982 and Tag  is disposed.'.
   at Microsoft.IO.RecyclableMemoryStream.ThrowDisposedException() in /_/src/RecyclableMemoryStream.cs:line 1453
   at Microsoft.IO.RecyclableMemoryStream.Write(Byte[] buffer, Int32 offset, Int32 count) in /_/src/RecyclableMemoryStream.cs:line 997
   at System.IO.MemoryStream.WriteAsync(ReadOnlyMemory`1 buffer, CancellationToken cancellationToken)
--- End of stack trace from previous location ---
   at System.IO.Pipelines.StreamPipeWriter.FlushAsyncInternal(Boolean writeToStream, ReadOnlyMemory`1 data, CancellationToken cancellationToken)
   at SimApi.Service.Middleware.ErrorHandlerMiddleware.Invoke(HttpContext context) in C:\Users\ibrah\Desktop\recep hoca ders kayıt\5.hafta\pzr 5hafta\Yeni klasör\pk-sim-main\SimApi\SimApi\Middleware\ErrorHandlerMiddleware.cs:line 33
   at SimApi.Service.Middleware.HeartBeatMiddleware.Invoke(HttpContext context) in C:\Users\ibrah\Desktop\recep hoca ders kayıt\5.hafta\pzr 5hafta\Yeni klasör\pk-sim-main\SimApi\SimApi\Middleware\HeartBeatMiddleware.cs:line 25
   at Swashbuckle.AspNetCore.SwaggerUI.SwaggerUIMiddleware.Invoke(HttpContext httpContext)
   at Swashbuckle.AspNetCore.Swagger.SwaggerMiddleware.Invoke(HttpContext httpContext, ISwaggerProvider swaggerProvider)
   at Microsoft.AspNetCore.Diagnostics.DeveloperExceptionPageMiddleware.Invoke(HttpContext context)
2023-06-13 14:37:58.253 [ERR] An exception was thrown attempting to display the error page.
System.ObjectDisposedException: Cannot access a disposed object.
Object name: 'The stream with Id 57965523-f666-4fe6-972f-6707a10a3982 and Tag  is disposed.'.
   at Microsoft.IO.RecyclableMemoryStream.ThrowDisposedException() in /_/src/RecyclableMemoryStream.cs:line 1453
   at Microsoft.IO.RecyclableMemoryStream.Write(Byte[] buffer, Int32 offset, Int32 count) in /_/src/RecyclableMemoryStream.cs:line 997
   at System.IO.MemoryStream.WriteAsync(ReadOnlyMemory`1 buffer, CancellationToken cancellationToken)
--- End of stack trace from previous location ---
   at System.IO.Pipelines.StreamPipeWriter.FlushAsyncInternal(Boolean writeToStream, ReadOnlyMemory`1 data, CancellationToken cancellationToken)
   at Microsoft.AspNetCore.Diagnostics.DeveloperExceptionPageMiddleware.Invoke(HttpContext context)
2023-06-13 14:37:58.262 [ERR] Connection id "0HMRC0AE1ER4L", Request id "0HMRC0AE1ER4L:00000017": An unhandled exception was thrown by the application.
System.ObjectDisposedException: Cannot access a disposed object.
Object name: 'The stream with Id 57965523-f666-4fe6-972f-6707a10a3982 and Tag  is disposed.'.
   at Microsoft.IO.RecyclableMemoryStream.ThrowDisposedException() in /_/src/RecyclableMemoryStream.cs:line 1453
   at Microsoft.IO.RecyclableMemoryStream.Write(Byte[] buffer, Int32 offset, Int32 count) in /_/src/RecyclableMemoryStream.cs:line 997
   at System.IO.MemoryStream.WriteAsync(ReadOnlyMemory`1 buffer, CancellationToken cancellationToken)
--- End of stack trace from previous location ---
   at System.IO.Pipelines.StreamPipeWriter.FlushAsyncInternal(Boolean writeToStream, ReadOnlyMemory`1 data, CancellationToken cancellationToken)
   at SimApi.Service.Middleware.ErrorHandlerMiddleware.Invoke(HttpContext context) in C:\Users\ibrah\Desktop\recep hoca ders kayıt\5.hafta\pzr 5hafta\Yeni klasör\pk-sim-main\SimApi\SimApi\Middleware\ErrorHandlerMiddleware.cs:line 33
   at SimApi.Service.Middleware.HeartBeatMiddleware.Invoke(HttpContext context) in C:\Users\ibrah\Desktop\recep hoca ders kayıt\5.hafta\pzr 5hafta\Yeni klasör\pk-sim-main\SimApi\SimApi\Middleware\HeartBeatMiddleware.cs:line 25
   at Swashbuckle.AspNetCore.SwaggerUI.SwaggerUIMiddleware.Invoke(HttpContext httpContext)
   at Swashbuckle.AspNetCore.Swagger.SwaggerMiddleware.Invoke(HttpContext httpContext, ISwaggerProvider swaggerProvider)
   at Microsoft.AspNetCore.Diagnostics.DeveloperExceptionPageMiddleware.Invoke(HttpContext context)
   at Microsoft.AspNetCore.Diagnostics.DeveloperExceptionPageMiddleware.Invoke(HttpContext context)
   at Microsoft.AspNetCore.Watch.BrowserRefresh.BrowserRefreshMiddleware.InvokeAsync(HttpContext context)
   at Microsoft.AspNetCore.Server.Kestrel.Core.Internal.Http.HttpProtocol.ProcessRequests[TContext](IHttpApplication`1 application)
2023-06-13 15:55:04.627 [INF] Application is starting...
2023-06-13 15:55:24.731 [INF] LogHeartBeatMiddleware.Invoke
2023-06-13 15:55:24.735 [INF] LogErrorHandlerMiddleware.Invoke
2023-06-13 15:55:24.736 [INF] LogRequestLoggingMiddleware.Invoke
2023-06-13 15:55:24.881 [FTL] Path=/simapi/v2/Category || Method=GET || Exception=Unable to resolve service for type 'SimApi.Operation.Dapper.Category.ICategoryService' while attempting to activate 'SimApi.Service.DapperCategoryContoller.CategoryController'.
2023-06-13 15:55:24.917 [ERR] An unhandled exception has occurred while executing the request.
System.ObjectDisposedException: Cannot access a disposed object.
Object name: 'The stream with Id fa167dab-2aed-493b-930d-01538b405936 and Tag  is disposed.'.
   at Microsoft.IO.RecyclableMemoryStream.ThrowDisposedException() in /_/src/RecyclableMemoryStream.cs:line 1453
   at Microsoft.IO.RecyclableMemoryStream.Write(Byte[] buffer, Int32 offset, Int32 count) in /_/src/RecyclableMemoryStream.cs:line 997
   at System.IO.MemoryStream.WriteAsync(ReadOnlyMemory`1 buffer, CancellationToken cancellationToken)
--- End of stack trace from previous location ---
   at System.IO.Pipelines.StreamPipeWriter.FlushAsyncInternal(Boolean writeToStream, ReadOnlyMemory`1 data, CancellationToken cancellationToken)
   at SimApi.Service.Middleware.ErrorHandlerMiddleware.Invoke(HttpContext context) in C:\Users\ibrah\Desktop\recep hoca ders kayıt\5.hafta\pzr 5hafta\Yeni klasör\pk-sim-main\SimApi\SimApi\Middleware\ErrorHandlerMiddleware.cs:line 33
   at SimApi.Service.Middleware.HeartBeatMiddleware.Invoke(HttpContext context) in C:\Users\ibrah\Desktop\recep hoca ders kayıt\5.hafta\pzr 5hafta\Yeni klasör\pk-sim-main\SimApi\SimApi\Middleware\HeartBeatMiddleware.cs:line 25
   at Swashbuckle.AspNetCore.SwaggerUI.SwaggerUIMiddleware.Invoke(HttpContext httpContext)
   at Swashbuckle.AspNetCore.Swagger.SwaggerMiddleware.Invoke(HttpContext httpContext, ISwaggerProvider swaggerProvider)
   at Microsoft.AspNetCore.Diagnostics.DeveloperExceptionPageMiddleware.Invoke(HttpContext context)
2023-06-13 15:55:24.966 [ERR] An exception was thrown attempting to display the error page.
System.ObjectDisposedException: Cannot access a disposed object.
Object name: 'The stream with Id fa167dab-2aed-493b-930d-01538b405936 and Tag  is disposed.'.
   at Microsoft.IO.RecyclableMemoryStream.ThrowDisposedException() in /_/src/RecyclableMemoryStream.cs:line 1453
   at Microsoft.IO.RecyclableMemoryStream.Write(Byte[] buffer, Int32 offset, Int32 count) in /_/src/RecyclableMemoryStream.cs:line 997
   at System.IO.MemoryStream.WriteAsync(ReadOnlyMemory`1 buffer, CancellationToken cancellationToken)
--- End of stack trace from previous location ---
   at System.IO.Pipelines.StreamPipeWriter.FlushAsyncInternal(Boolean writeToStream, ReadOnlyMemory`1 data, CancellationToken cancellationToken)
   at Microsoft.AspNetCore.Diagnostics.DeveloperExceptionPageMiddleware.Invoke(HttpContext context)
2023-06-13 15:55:24.975 [ERR] Connection id "0HMRC1LKO1137", Request id "0HMRC1LKO1137:0000001B": An unhandled exception was thrown by the application.
System.ObjectDisposedException: Cannot access a disposed object.
Object name: 'The stream with Id fa167dab-2aed-493b-930d-01538b405936 and Tag  is disposed.'.
   at Microsoft.IO.RecyclableMemoryStream.ThrowDisposedException() in /_/src/RecyclableMemoryStream.cs:line 1453
   at Microsoft.IO.RecyclableMemoryStream.Write(Byte[] buffer, Int32 offset, Int32 count) in /_/src/RecyclableMemoryStream.cs:line 997
   at System.IO.MemoryStream.WriteAsync(ReadOnlyMemory`1 buffer, CancellationToken cancellationToken)
--- End of stack trace from previous location ---
   at System.IO.Pipelines.StreamPipeWriter.FlushAsyncInternal(Boolean writeToStream, ReadOnlyMemory`1 data, CancellationToken cancellationToken)
   at SimApi.Service.Middleware.ErrorHandlerMiddleware.Invoke(HttpContext context) in C:\Users\ibrah\Desktop\recep hoca ders kayıt\5.hafta\pzr 5hafta\Yeni klasör\pk-sim-main\SimApi\SimApi\Middleware\ErrorHandlerMiddleware.cs:line 33
   at SimApi.Service.Middleware.HeartBeatMiddleware.Invoke(HttpContext context) in C:\Users\ibrah\Desktop\recep hoca ders kayıt\5.hafta\pzr 5hafta\Yeni klasör\pk-sim-main\SimApi\SimApi\Middleware\HeartBeatMiddleware.cs:line 25
   at Swashbuckle.AspNetCore.SwaggerUI.SwaggerUIMiddleware.Invoke(HttpContext httpContext)
   at Swashbuckle.AspNetCore.Swagger.SwaggerMiddleware.Invoke(HttpContext httpContext, ISwaggerProvider swaggerProvider)
   at Microsoft.AspNetCore.Diagnostics.DeveloperExceptionPageMiddleware.Invoke(HttpContext context)
   at Microsoft.AspNetCore.Diagnostics.DeveloperExceptionPageMiddleware.Invoke(HttpContext context)
   at Microsoft.AspNetCore.Watch.BrowserRefresh.BrowserRefreshMiddleware.InvokeAsync(HttpContext context)
   at Microsoft.AspNetCore.Server.Kestrel.Core.Internal.Http.HttpProtocol.ProcessRequests[TContext](IHttpApplication`1 application)
2023-06-13 15:55:43.936 [INF] LogHeartBeatMiddleware.Invoke
2023-06-13 15:55:43.937 [INF] LogErrorHandlerMiddleware.Invoke
2023-06-13 15:55:43.938 [INF] LogRequestLoggingMiddleware.Invoke
2023-06-13 15:55:43.969 [FTL] Path=/simapi/v2/Category || Method=GET || Exception=Unable to resolve service for type 'SimApi.Operation.Dapper.Category.ICategoryService' while attempting to activate 'SimApi.Service.DapperCategoryContoller.CategoryController'.
2023-06-13 15:55:44.000 [ERR] An unhandled exception has occurred while executing the request.
System.ObjectDisposedException: Cannot access a disposed object.
Object name: 'The stream with Id 7b457d7c-f658-4700-b0be-730797f8d84a and Tag  is disposed.'.
   at Microsoft.IO.RecyclableMemoryStream.ThrowDisposedException() in /_/src/RecyclableMemoryStream.cs:line 1453
   at Microsoft.IO.RecyclableMemoryStream.Write(Byte[] buffer, Int32 offset, Int32 count) in /_/src/RecyclableMemoryStream.cs:line 997
   at System.IO.MemoryStream.WriteAsync(ReadOnlyMemory`1 buffer, CancellationToken cancellationToken)
--- End of stack trace from previous location ---
   at System.IO.Pipelines.StreamPipeWriter.FlushAsyncInternal(Boolean writeToStream, ReadOnlyMemory`1 data, CancellationToken cancellationToken)
   at SimApi.Service.Middleware.ErrorHandlerMiddleware.Invoke(HttpContext context) in C:\Users\ibrah\Desktop\recep hoca ders kayıt\5.hafta\pzr 5hafta\Yeni klasör\pk-sim-main\SimApi\SimApi\Middleware\ErrorHandlerMiddleware.cs:line 33
   at SimApi.Service.Middleware.HeartBeatMiddleware.Invoke(HttpContext context) in C:\Users\ibrah\Desktop\recep hoca ders kayıt\5.hafta\pzr 5hafta\Yeni klasör\pk-sim-main\SimApi\SimApi\Middleware\HeartBeatMiddleware.cs:line 25
   at Swashbuckle.AspNetCore.SwaggerUI.SwaggerUIMiddleware.Invoke(HttpContext httpContext)
   at Swashbuckle.AspNetCore.Swagger.SwaggerMiddleware.Invoke(HttpContext httpContext, ISwaggerProvider swaggerProvider)
   at Microsoft.AspNetCore.Diagnostics.DeveloperExceptionPageMiddleware.Invoke(HttpContext context)
2023-06-13 15:55:44.005 [ERR] An exception was thrown attempting to display the error page.
System.ObjectDisposedException: Cannot access a disposed object.
Object name: 'The stream with Id 7b457d7c-f658-4700-b0be-730797f8d84a and Tag  is disposed.'.
   at Microsoft.IO.RecyclableMemoryStream.ThrowDisposedException() in /_/src/RecyclableMemoryStream.cs:line 1453
   at Microsoft.IO.RecyclableMemoryStream.Write(Byte[] buffer, Int32 offset, Int32 count) in /_/src/RecyclableMemoryStream.cs:line 997
   at System.IO.MemoryStream.WriteAsync(ReadOnlyMemory`1 buffer, CancellationToken cancellationToken)
--- End of stack trace from previous location ---
   at System.IO.Pipelines.StreamPipeWriter.FlushAsyncInternal(Boolean writeToStream, ReadOnlyMemory`1 data, CancellationToken cancellationToken)
   at Microsoft.AspNetCore.Diagnostics.DeveloperExceptionPageMiddleware.Invoke(HttpContext context)
2023-06-13 15:55:44.008 [ERR] Connection id "0HMRC1LKO1137", Request id "0HMRC1LKO1137:0000001D": An unhandled exception was thrown by the application.
System.ObjectDisposedException: Cannot access a disposed object.
Object name: 'The stream with Id 7b457d7c-f658-4700-b0be-730797f8d84a and Tag  is disposed.'.
   at Microsoft.IO.RecyclableMemoryStream.ThrowDisposedException() in /_/src/RecyclableMemoryStream.cs:line 1453
   at Microsoft.IO.RecyclableMemoryStream.Write(Byte[] buffer, Int32 offset, Int32 count) in /_/src/RecyclableMemoryStream.cs:line 997
   at System.IO.MemoryStream.WriteAsync(ReadOnlyMemory`1 buffer, CancellationToken cancellationToken)
--- End of stack trace from previous location ---
   at System.IO.Pipelines.StreamPipeWriter.FlushAsyncInternal(Boolean writeToStream, ReadOnlyMemory`1 data, CancellationToken cancellationToken)
   at SimApi.Service.Middleware.ErrorHandlerMiddleware.Invoke(HttpContext context) in C:\Users\ibrah\Desktop\recep hoca ders kayıt\5.hafta\pzr 5hafta\Yeni klasör\pk-sim-main\SimApi\SimApi\Middleware\ErrorHandlerMiddleware.cs:line 33
   at SimApi.Service.Middleware.HeartBeatMiddleware.Invoke(HttpContext context) in C:\Users\ibrah\Desktop\recep hoca ders kayıt\5.hafta\pzr 5hafta\Yeni klasör\pk-sim-main\SimApi\SimApi\Middleware\HeartBeatMiddleware.cs:line 25
   at Swashbuckle.AspNetCore.SwaggerUI.SwaggerUIMiddleware.Invoke(HttpContext httpContext)
   at Swashbuckle.AspNetCore.Swagger.SwaggerMiddleware.Invoke(HttpContext httpContext, ISwaggerProvider swaggerProvider)
   at Microsoft.AspNetCore.Diagnostics.DeveloperExceptionPageMiddleware.Invoke(HttpContext context)
   at Microsoft.AspNetCore.Diagnostics.DeveloperExceptionPageMiddleware.Invoke(HttpContext context)
   at Microsoft.AspNetCore.Watch.BrowserRefresh.BrowserRefreshMiddleware.InvokeAsync(HttpContext context)
   at Microsoft.AspNetCore.Server.Kestrel.Core.Internal.Http.HttpProtocol.ProcessRequests[TContext](IHttpApplication`1 application)
2023-06-13 15:55:44.589 [INF] LogHeartBeatMiddleware.Invoke
2023-06-13 15:55:44.591 [INF] LogErrorHandlerMiddleware.Invoke
2023-06-13 15:55:44.592 [INF] LogRequestLoggingMiddleware.Invoke
2023-06-13 15:55:44.628 [FTL] Path=/simapi/v2/Category || Method=GET || Exception=Unable to resolve service for type 'SimApi.Operation.Dapper.Category.ICategoryService' while attempting to activate 'SimApi.Service.DapperCategoryContoller.CategoryController'.
2023-06-13 15:55:44.660 [ERR] An unhandled exception has occurred while executing the request.
System.ObjectDisposedException: Cannot access a disposed object.
Object name: 'The stream with Id f8444681-a8f5-4942-9557-3dd0a9d9ceb1 and Tag  is disposed.'.
   at Microsoft.IO.RecyclableMemoryStream.ThrowDisposedException() in /_/src/RecyclableMemoryStream.cs:line 1453
   at Microsoft.IO.RecyclableMemoryStream.Write(Byte[] buffer, Int32 offset, Int32 count) in /_/src/RecyclableMemoryStream.cs:line 997
   at System.IO.MemoryStream.WriteAsync(ReadOnlyMemory`1 buffer, CancellationToken cancellationToken)
--- End of stack trace from previous location ---
   at System.IO.Pipelines.StreamPipeWriter.FlushAsyncInternal(Boolean writeToStream, ReadOnlyMemory`1 data, CancellationToken cancellationToken)
   at SimApi.Service.Middleware.ErrorHandlerMiddleware.Invoke(HttpContext context) in C:\Users\ibrah\Desktop\recep hoca ders kayıt\5.hafta\pzr 5hafta\Yeni klasör\pk-sim-main\SimApi\SimApi\Middleware\ErrorHandlerMiddleware.cs:line 33
   at SimApi.Service.Middleware.HeartBeatMiddleware.Invoke(HttpContext context) in C:\Users\ibrah\Desktop\recep hoca ders kayıt\5.hafta\pzr 5hafta\Yeni klasör\pk-sim-main\SimApi\SimApi\Middleware\HeartBeatMiddleware.cs:line 25
   at Swashbuckle.AspNetCore.SwaggerUI.SwaggerUIMiddleware.Invoke(HttpContext httpContext)
   at Swashbuckle.AspNetCore.Swagger.SwaggerMiddleware.Invoke(HttpContext httpContext, ISwaggerProvider swaggerProvider)
   at Microsoft.AspNetCore.Diagnostics.DeveloperExceptionPageMiddleware.Invoke(HttpContext context)
2023-06-13 15:55:44.666 [ERR] An exception was thrown attempting to display the error page.
System.ObjectDisposedException: Cannot access a disposed object.
Object name: 'The stream with Id f8444681-a8f5-4942-9557-3dd0a9d9ceb1 and Tag  is disposed.'.
   at Microsoft.IO.RecyclableMemoryStream.ThrowDisposedException() in /_/src/RecyclableMemoryStream.cs:line 1453
   at Microsoft.IO.RecyclableMemoryStream.Write(Byte[] buffer, Int32 offset, Int32 count) in /_/src/RecyclableMemoryStream.cs:line 997
   at System.IO.MemoryStream.WriteAsync(ReadOnlyMemory`1 buffer, CancellationToken cancellationToken)
--- End of stack trace from previous location ---
   at System.IO.Pipelines.StreamPipeWriter.FlushAsyncInternal(Boolean writeToStream, ReadOnlyMemory`1 data, CancellationToken cancellationToken)
   at Microsoft.AspNetCore.Diagnostics.DeveloperExceptionPageMiddleware.Invoke(HttpContext context)
2023-06-13 15:55:44.669 [ERR] Connection id "0HMRC1LKO1137", Request id "0HMRC1LKO1137:0000001F": An unhandled exception was thrown by the application.
System.ObjectDisposedException: Cannot access a disposed object.
Object name: 'The stream with Id f8444681-a8f5-4942-9557-3dd0a9d9ceb1 and Tag  is disposed.'.
   at Microsoft.IO.RecyclableMemoryStream.ThrowDisposedException() in /_/src/RecyclableMemoryStream.cs:line 1453
   at Microsoft.IO.RecyclableMemoryStream.Write(Byte[] buffer, Int32 offset, Int32 count) in /_/src/RecyclableMemoryStream.cs:line 997
   at System.IO.MemoryStream.WriteAsync(ReadOnlyMemory`1 buffer, CancellationToken cancellationToken)
--- End of stack trace from previous location ---
   at System.IO.Pipelines.StreamPipeWriter.FlushAsyncInternal(Boolean writeToStream, ReadOnlyMemory`1 data, CancellationToken cancellationToken)
   at SimApi.Service.Middleware.ErrorHandlerMiddleware.Invoke(HttpContext context) in C:\Users\ibrah\Desktop\recep hoca ders kayıt\5.hafta\pzr 5hafta\Yeni klasör\pk-sim-main\SimApi\SimApi\Middleware\ErrorHandlerMiddleware.cs:line 33
   at SimApi.Service.Middleware.HeartBeatMiddleware.Invoke(HttpContext context) in C:\Users\ibrah\Desktop\recep hoca ders kayıt\5.hafta\pzr 5hafta\Yeni klasör\pk-sim-main\SimApi\SimApi\Middleware\HeartBeatMiddleware.cs:line 25
   at Swashbuckle.AspNetCore.SwaggerUI.SwaggerUIMiddleware.Invoke(HttpContext httpContext)
   at Swashbuckle.AspNetCore.Swagger.SwaggerMiddleware.Invoke(HttpContext httpContext, ISwaggerProvider swaggerProvider)
   at Microsoft.AspNetCore.Diagnostics.DeveloperExceptionPageMiddleware.Invoke(HttpContext context)
   at Microsoft.AspNetCore.Diagnostics.DeveloperExceptionPageMiddleware.Invoke(HttpContext context)
   at Microsoft.AspNetCore.Watch.BrowserRefresh.BrowserRefreshMiddleware.InvokeAsync(HttpContext context)
   at Microsoft.AspNetCore.Server.Kestrel.Core.Internal.Http.HttpProtocol.ProcessRequests[TContext](IHttpApplication`1 application)
2023-06-13 15:55:44.992 [INF] LogHeartBeatMiddleware.Invoke
2023-06-13 15:55:44.993 [INF] LogErrorHandlerMiddleware.Invoke
2023-06-13 15:55:44.994 [INF] LogRequestLoggingMiddleware.Invoke
2023-06-13 15:55:45.027 [FTL] Path=/simapi/v2/Category || Method=GET || Exception=Unable to resolve service for type 'SimApi.Operation.Dapper.Category.ICategoryService' while attempting to activate 'SimApi.Service.DapperCategoryContoller.CategoryController'.
2023-06-13 15:55:45.058 [ERR] An unhandled exception has occurred while executing the request.
System.ObjectDisposedException: Cannot access a disposed object.
Object name: 'The stream with Id c32fe79c-f93e-499e-b87c-97d9b98ff2a5 and Tag  is disposed.'.
   at Microsoft.IO.RecyclableMemoryStream.ThrowDisposedException() in /_/src/RecyclableMemoryStream.cs:line 1453
   at Microsoft.IO.RecyclableMemoryStream.Write(Byte[] buffer, Int32 offset, Int32 count) in /_/src/RecyclableMemoryStream.cs:line 997
   at System.IO.MemoryStream.WriteAsync(ReadOnlyMemory`1 buffer, CancellationToken cancellationToken)
--- End of stack trace from previous location ---
   at System.IO.Pipelines.StreamPipeWriter.FlushAsyncInternal(Boolean writeToStream, ReadOnlyMemory`1 data, CancellationToken cancellationToken)
   at SimApi.Service.Middleware.ErrorHandlerMiddleware.Invoke(HttpContext context) in C:\Users\ibrah\Desktop\recep hoca ders kayıt\5.hafta\pzr 5hafta\Yeni klasör\pk-sim-main\SimApi\SimApi\Middleware\ErrorHandlerMiddleware.cs:line 33
   at SimApi.Service.Middleware.HeartBeatMiddleware.Invoke(HttpContext context) in C:\Users\ibrah\Desktop\recep hoca ders kayıt\5.hafta\pzr 5hafta\Yeni klasör\pk-sim-main\SimApi\SimApi\Middleware\HeartBeatMiddleware.cs:line 25
   at Swashbuckle.AspNetCore.SwaggerUI.SwaggerUIMiddleware.Invoke(HttpContext httpContext)
   at Swashbuckle.AspNetCore.Swagger.SwaggerMiddleware.Invoke(HttpContext httpContext, ISwaggerProvider swaggerProvider)
   at Microsoft.AspNetCore.Diagnostics.DeveloperExceptionPageMiddleware.Invoke(HttpContext context)
2023-06-13 15:55:45.065 [ERR] An exception was thrown attempting to display the error page.
System.ObjectDisposedException: Cannot access a disposed object.
Object name: 'The stream with Id c32fe79c-f93e-499e-b87c-97d9b98ff2a5 and Tag  is disposed.'.
   at Microsoft.IO.RecyclableMemoryStream.ThrowDisposedException() in /_/src/RecyclableMemoryStream.cs:line 1453
   at Microsoft.IO.RecyclableMemoryStream.Write(Byte[] buffer, Int32 offset, Int32 count) in /_/src/RecyclableMemoryStream.cs:line 997
   at System.IO.MemoryStream.WriteAsync(ReadOnlyMemory`1 buffer, CancellationToken cancellationToken)
--- End of stack trace from previous location ---
   at System.IO.Pipelines.StreamPipeWriter.FlushAsyncInternal(Boolean writeToStream, ReadOnlyMemory`1 data, CancellationToken cancellationToken)
   at Microsoft.AspNetCore.Diagnostics.DeveloperExceptionPageMiddleware.Invoke(HttpContext context)
2023-06-13 15:55:45.068 [ERR] Connection id "0HMRC1LKO1137", Request id "0HMRC1LKO1137:00000021": An unhandled exception was thrown by the application.
System.ObjectDisposedException: Cannot access a disposed object.
Object name: 'The stream with Id c32fe79c-f93e-499e-b87c-97d9b98ff2a5 and Tag  is disposed.'.
   at Microsoft.IO.RecyclableMemoryStream.ThrowDisposedException() in /_/src/RecyclableMemoryStream.cs:line 1453
   at Microsoft.IO.RecyclableMemoryStream.Write(Byte[] buffer, Int32 offset, Int32 count) in /_/src/RecyclableMemoryStream.cs:line 997
   at System.IO.MemoryStream.WriteAsync(ReadOnlyMemory`1 buffer, CancellationToken cancellationToken)
--- End of stack trace from previous location ---
   at System.IO.Pipelines.StreamPipeWriter.FlushAsyncInternal(Boolean writeToStream, ReadOnlyMemory`1 data, CancellationToken cancellationToken)
   at SimApi.Service.Middleware.ErrorHandlerMiddleware.Invoke(HttpContext context) in C:\Users\ibrah\Desktop\recep hoca ders kayıt\5.hafta\pzr 5hafta\Yeni klasör\pk-sim-main\SimApi\SimApi\Middleware\ErrorHandlerMiddleware.cs:line 33
   at SimApi.Service.Middleware.HeartBeatMiddleware.Invoke(HttpContext context) in C:\Users\ibrah\Desktop\recep hoca ders kayıt\5.hafta\pzr 5hafta\Yeni klasör\pk-sim-main\SimApi\SimApi\Middleware\HeartBeatMiddleware.cs:line 25
   at Swashbuckle.AspNetCore.SwaggerUI.SwaggerUIMiddleware.Invoke(HttpContext httpContext)
   at Swashbuckle.AspNetCore.Swagger.SwaggerMiddleware.Invoke(HttpContext httpContext, ISwaggerProvider swaggerProvider)
   at Microsoft.AspNetCore.Diagnostics.DeveloperExceptionPageMiddleware.Invoke(HttpContext context)
   at Microsoft.AspNetCore.Diagnostics.DeveloperExceptionPageMiddleware.Invoke(HttpContext context)
   at Microsoft.AspNetCore.Watch.BrowserRefresh.BrowserRefreshMiddleware.InvokeAsync(HttpContext context)
   at Microsoft.AspNetCore.Server.Kestrel.Core.Internal.Http.HttpProtocol.ProcessRequests[TContext](IHttpApplication`1 application)
2023-06-13 15:55:45.535 [INF] LogHeartBeatMiddleware.Invoke
2023-06-13 15:55:45.537 [INF] LogErrorHandlerMiddleware.Invoke
2023-06-13 15:55:45.537 [INF] LogRequestLoggingMiddleware.Invoke
2023-06-13 15:55:45.571 [FTL] Path=/simapi/v2/Category || Method=GET || Exception=Unable to resolve service for type 'SimApi.Operation.Dapper.Category.ICategoryService' while attempting to activate 'SimApi.Service.DapperCategoryContoller.CategoryController'.
2023-06-13 15:55:45.601 [ERR] An unhandled exception has occurred while executing the request.
System.ObjectDisposedException: Cannot access a disposed object.
Object name: 'The stream with Id f687d79b-c341-46fc-99d0-b6b254ddb44b and Tag  is disposed.'.
   at Microsoft.IO.RecyclableMemoryStream.ThrowDisposedException() in /_/src/RecyclableMemoryStream.cs:line 1453
   at Microsoft.IO.RecyclableMemoryStream.Write(Byte[] buffer, Int32 offset, Int32 count) in /_/src/RecyclableMemoryStream.cs:line 997
   at System.IO.MemoryStream.WriteAsync(ReadOnlyMemory`1 buffer, CancellationToken cancellationToken)
--- End of stack trace from previous location ---
   at System.IO.Pipelines.StreamPipeWriter.FlushAsyncInternal(Boolean writeToStream, ReadOnlyMemory`1 data, CancellationToken cancellationToken)
   at SimApi.Service.Middleware.ErrorHandlerMiddleware.Invoke(HttpContext context) in C:\Users\ibrah\Desktop\recep hoca ders kayıt\5.hafta\pzr 5hafta\Yeni klasör\pk-sim-main\SimApi\SimApi\Middleware\ErrorHandlerMiddleware.cs:line 33
   at SimApi.Service.Middleware.HeartBeatMiddleware.Invoke(HttpContext context) in C:\Users\ibrah\Desktop\recep hoca ders kayıt\5.hafta\pzr 5hafta\Yeni klasör\pk-sim-main\SimApi\SimApi\Middleware\HeartBeatMiddleware.cs:line 25
   at Swashbuckle.AspNetCore.SwaggerUI.SwaggerUIMiddleware.Invoke(HttpContext httpContext)
   at Swashbuckle.AspNetCore.Swagger.SwaggerMiddleware.Invoke(HttpContext httpContext, ISwaggerProvider swaggerProvider)
   at Microsoft.AspNetCore.Diagnostics.DeveloperExceptionPageMiddleware.Invoke(HttpContext context)
2023-06-13 15:55:45.607 [ERR] An exception was thrown attempting to display the error page.
System.ObjectDisposedException: Cannot access a disposed object.
Object name: 'The stream with Id f687d79b-c341-46fc-99d0-b6b254ddb44b and Tag  is disposed.'.
   at Microsoft.IO.RecyclableMemoryStream.ThrowDisposedException() in /_/src/RecyclableMemoryStream.cs:line 1453
   at Microsoft.IO.RecyclableMemoryStream.Write(Byte[] buffer, Int32 offset, Int32 count) in /_/src/RecyclableMemoryStream.cs:line 997
   at System.IO.MemoryStream.WriteAsync(ReadOnlyMemory`1 buffer, CancellationToken cancellationToken)
--- End of stack trace from previous location ---
   at System.IO.Pipelines.StreamPipeWriter.FlushAsyncInternal(Boolean writeToStream, ReadOnlyMemory`1 data, CancellationToken cancellationToken)
   at Microsoft.AspNetCore.Diagnostics.DeveloperExceptionPageMiddleware.Invoke(HttpContext context)
2023-06-13 15:55:45.610 [ERR] Connection id "0HMRC1LKO1137", Request id "0HMRC1LKO1137:00000023": An unhandled exception was thrown by the application.
System.ObjectDisposedException: Cannot access a disposed object.
Object name: 'The stream with Id f687d79b-c341-46fc-99d0-b6b254ddb44b and Tag  is disposed.'.
   at Microsoft.IO.RecyclableMemoryStream.ThrowDisposedException() in /_/src/RecyclableMemoryStream.cs:line 1453
   at Microsoft.IO.RecyclableMemoryStream.Write(Byte[] buffer, Int32 offset, Int32 count) in /_/src/RecyclableMemoryStream.cs:line 997
   at System.IO.MemoryStream.WriteAsync(ReadOnlyMemory`1 buffer, CancellationToken cancellationToken)
--- End of stack trace from previous location ---
   at System.IO.Pipelines.StreamPipeWriter.FlushAsyncInternal(Boolean writeToStream, ReadOnlyMemory`1 data, CancellationToken cancellationToken)
   at SimApi.Service.Middleware.ErrorHandlerMiddleware.Invoke(HttpContext context) in C:\Users\ibrah\Desktop\recep hoca ders kayıt\5.hafta\pzr 5hafta\Yeni klasör\pk-sim-main\SimApi\SimApi\Middleware\ErrorHandlerMiddleware.cs:line 33
   at SimApi.Service.Middleware.HeartBeatMiddleware.Invoke(HttpContext context) in C:\Users\ibrah\Desktop\recep hoca ders kayıt\5.hafta\pzr 5hafta\Yeni klasör\pk-sim-main\SimApi\SimApi\Middleware\HeartBeatMiddleware.cs:line 25
   at Swashbuckle.AspNetCore.SwaggerUI.SwaggerUIMiddleware.Invoke(HttpContext httpContext)
   at Swashbuckle.AspNetCore.Swagger.SwaggerMiddleware.Invoke(HttpContext httpContext, ISwaggerProvider swaggerProvider)
   at Microsoft.AspNetCore.Diagnostics.DeveloperExceptionPageMiddleware.Invoke(HttpContext context)
   at Microsoft.AspNetCore.Diagnostics.DeveloperExceptionPageMiddleware.Invoke(HttpContext context)
   at Microsoft.AspNetCore.Watch.BrowserRefresh.BrowserRefreshMiddleware.InvokeAsync(HttpContext context)
   at Microsoft.AspNetCore.Server.Kestrel.Core.Internal.Http.HttpProtocol.ProcessRequests[TContext](IHttpApplication`1 application)
2023-06-13 15:56:41.348 [INF] Application is starting...
2023-06-13 15:56:48.789 [INF] LogHeartBeatMiddleware.Invoke
2023-06-13 15:56:48.793 [INF] LogErrorHandlerMiddleware.Invoke
2023-06-13 15:56:48.794 [INF] LogRequestLoggingMiddleware.Invoke
2023-06-13 15:56:48.934 [FTL] Path=/simapi/v1/Category || Method=GET || Exception=Unable to resolve service for type 'SimApi.Operation.Dapper.Category.ICategoryService' while attempting to activate 'SimApi.Service.Controllers.CategoryController'.
2023-06-13 15:56:48.972 [ERR] An unhandled exception has occurred while executing the request.
System.ObjectDisposedException: Cannot access a disposed object.
Object name: 'The stream with Id 03fc9398-f550-4a38-bbfe-1e5c7a39955d and Tag  is disposed.'.
   at Microsoft.IO.RecyclableMemoryStream.ThrowDisposedException() in /_/src/RecyclableMemoryStream.cs:line 1453
   at Microsoft.IO.RecyclableMemoryStream.Write(Byte[] buffer, Int32 offset, Int32 count) in /_/src/RecyclableMemoryStream.cs:line 997
   at System.IO.MemoryStream.WriteAsync(ReadOnlyMemory`1 buffer, CancellationToken cancellationToken)
--- End of stack trace from previous location ---
   at System.IO.Pipelines.StreamPipeWriter.FlushAsyncInternal(Boolean writeToStream, ReadOnlyMemory`1 data, CancellationToken cancellationToken)
   at SimApi.Service.Middleware.ErrorHandlerMiddleware.Invoke(HttpContext context) in C:\Users\ibrah\Desktop\recep hoca ders kayıt\5.hafta\pzr 5hafta\Yeni klasör\pk-sim-main\SimApi\SimApi\Middleware\ErrorHandlerMiddleware.cs:line 33
   at SimApi.Service.Middleware.HeartBeatMiddleware.Invoke(HttpContext context) in C:\Users\ibrah\Desktop\recep hoca ders kayıt\5.hafta\pzr 5hafta\Yeni klasör\pk-sim-main\SimApi\SimApi\Middleware\HeartBeatMiddleware.cs:line 25
   at Swashbuckle.AspNetCore.SwaggerUI.SwaggerUIMiddleware.Invoke(HttpContext httpContext)
   at Swashbuckle.AspNetCore.Swagger.SwaggerMiddleware.Invoke(HttpContext httpContext, ISwaggerProvider swaggerProvider)
   at Microsoft.AspNetCore.Diagnostics.DeveloperExceptionPageMiddleware.Invoke(HttpContext context)
2023-06-13 15:56:49.025 [ERR] An exception was thrown attempting to display the error page.
System.ObjectDisposedException: Cannot access a disposed object.
Object name: 'The stream with Id 03fc9398-f550-4a38-bbfe-1e5c7a39955d and Tag  is disposed.'.
   at Microsoft.IO.RecyclableMemoryStream.ThrowDisposedException() in /_/src/RecyclableMemoryStream.cs:line 1453
   at Microsoft.IO.RecyclableMemoryStream.Write(Byte[] buffer, Int32 offset, Int32 count) in /_/src/RecyclableMemoryStream.cs:line 997
   at System.IO.MemoryStream.WriteAsync(ReadOnlyMemory`1 buffer, CancellationToken cancellationToken)
--- End of stack trace from previous location ---
   at System.IO.Pipelines.StreamPipeWriter.FlushAsyncInternal(Boolean writeToStream, ReadOnlyMemory`1 data, CancellationToken cancellationToken)
   at Microsoft.AspNetCore.Diagnostics.DeveloperExceptionPageMiddleware.Invoke(HttpContext context)
2023-06-13 15:56:49.033 [ERR] Connection id "0HMRC1MHIO44N", Request id "0HMRC1MHIO44N:00000017": An unhandled exception was thrown by the application.
System.ObjectDisposedException: Cannot access a disposed object.
Object name: 'The stream with Id 03fc9398-f550-4a38-bbfe-1e5c7a39955d and Tag  is disposed.'.
   at Microsoft.IO.RecyclableMemoryStream.ThrowDisposedException() in /_/src/RecyclableMemoryStream.cs:line 1453
   at Microsoft.IO.RecyclableMemoryStream.Write(Byte[] buffer, Int32 offset, Int32 count) in /_/src/RecyclableMemoryStream.cs:line 997
   at System.IO.MemoryStream.WriteAsync(ReadOnlyMemory`1 buffer, CancellationToken cancellationToken)
--- End of stack trace from previous location ---
   at System.IO.Pipelines.StreamPipeWriter.FlushAsyncInternal(Boolean writeToStream, ReadOnlyMemory`1 data, CancellationToken cancellationToken)
   at SimApi.Service.Middleware.ErrorHandlerMiddleware.Invoke(HttpContext context) in C:\Users\ibrah\Desktop\recep hoca ders kayıt\5.hafta\pzr 5hafta\Yeni klasör\pk-sim-main\SimApi\SimApi\Middleware\ErrorHandlerMiddleware.cs:line 33
   at SimApi.Service.Middleware.HeartBeatMiddleware.Invoke(HttpContext context) in C:\Users\ibrah\Desktop\recep hoca ders kayıt\5.hafta\pzr 5hafta\Yeni klasör\pk-sim-main\SimApi\SimApi\Middleware\HeartBeatMiddleware.cs:line 25
   at Swashbuckle.AspNetCore.SwaggerUI.SwaggerUIMiddleware.Invoke(HttpContext httpContext)
   at Swashbuckle.AspNetCore.Swagger.SwaggerMiddleware.Invoke(HttpContext httpContext, ISwaggerProvider swaggerProvider)
   at Microsoft.AspNetCore.Diagnostics.DeveloperExceptionPageMiddleware.Invoke(HttpContext context)
   at Microsoft.AspNetCore.Diagnostics.DeveloperExceptionPageMiddleware.Invoke(HttpContext context)
   at Microsoft.AspNetCore.Watch.BrowserRefresh.BrowserRefreshMiddleware.InvokeAsync(HttpContext context)
   at Microsoft.AspNetCore.Server.Kestrel.Core.Internal.Http.HttpProtocol.ProcessRequests[TContext](IHttpApplication`1 application)
2023-06-13 15:57:00.559 [INF] LogHeartBeatMiddleware.Invoke
2023-06-13 15:57:00.559 [INF] LogErrorHandlerMiddleware.Invoke
2023-06-13 15:57:00.561 [INF] LogRequestLoggingMiddleware.Invoke
2023-06-13 15:57:00.601 [FTL] Path=/simapi/v1/Category || Method=GET || Exception=Unable to resolve service for type 'SimApi.Operation.Dapper.Category.ICategoryService' while attempting to activate 'SimApi.Service.Controllers.CategoryController'.
2023-06-13 15:57:00.633 [ERR] An unhandled exception has occurred while executing the request.
System.ObjectDisposedException: Cannot access a disposed object.
Object name: 'The stream with Id 61d91d36-3033-47c8-9328-54073023fe83 and Tag  is disposed.'.
   at Microsoft.IO.RecyclableMemoryStream.ThrowDisposedException() in /_/src/RecyclableMemoryStream.cs:line 1453
   at Microsoft.IO.RecyclableMemoryStream.Write(Byte[] buffer, Int32 offset, Int32 count) in /_/src/RecyclableMemoryStream.cs:line 997
   at System.IO.MemoryStream.WriteAsync(ReadOnlyMemory`1 buffer, CancellationToken cancellationToken)
--- End of stack trace from previous location ---
   at System.IO.Pipelines.StreamPipeWriter.FlushAsyncInternal(Boolean writeToStream, ReadOnlyMemory`1 data, CancellationToken cancellationToken)
   at SimApi.Service.Middleware.ErrorHandlerMiddleware.Invoke(HttpContext context) in C:\Users\ibrah\Desktop\recep hoca ders kayıt\5.hafta\pzr 5hafta\Yeni klasör\pk-sim-main\SimApi\SimApi\Middleware\ErrorHandlerMiddleware.cs:line 33
   at SimApi.Service.Middleware.HeartBeatMiddleware.Invoke(HttpContext context) in C:\Users\ibrah\Desktop\recep hoca ders kayıt\5.hafta\pzr 5hafta\Yeni klasör\pk-sim-main\SimApi\SimApi\Middleware\HeartBeatMiddleware.cs:line 25
   at Swashbuckle.AspNetCore.SwaggerUI.SwaggerUIMiddleware.Invoke(HttpContext httpContext)
   at Swashbuckle.AspNetCore.Swagger.SwaggerMiddleware.Invoke(HttpContext httpContext, ISwaggerProvider swaggerProvider)
   at Microsoft.AspNetCore.Diagnostics.DeveloperExceptionPageMiddleware.Invoke(HttpContext context)
2023-06-13 15:57:00.639 [ERR] An exception was thrown attempting to display the error page.
System.ObjectDisposedException: Cannot access a disposed object.
Object name: 'The stream with Id 61d91d36-3033-47c8-9328-54073023fe83 and Tag  is disposed.'.
   at Microsoft.IO.RecyclableMemoryStream.ThrowDisposedException() in /_/src/RecyclableMemoryStream.cs:line 1453
   at Microsoft.IO.RecyclableMemoryStream.Write(Byte[] buffer, Int32 offset, Int32 count) in /_/src/RecyclableMemoryStream.cs:line 997
   at System.IO.MemoryStream.WriteAsync(ReadOnlyMemory`1 buffer, CancellationToken cancellationToken)
--- End of stack trace from previous location ---
   at System.IO.Pipelines.StreamPipeWriter.FlushAsyncInternal(Boolean writeToStream, ReadOnlyMemory`1 data, CancellationToken cancellationToken)
   at Microsoft.AspNetCore.Diagnostics.DeveloperExceptionPageMiddleware.Invoke(HttpContext context)
2023-06-13 15:57:00.642 [ERR] Connection id "0HMRC1MHIO44N", Request id "0HMRC1MHIO44N:00000019": An unhandled exception was thrown by the application.
System.ObjectDisposedException: Cannot access a disposed object.
Object name: 'The stream with Id 61d91d36-3033-47c8-9328-54073023fe83 and Tag  is disposed.'.
   at Microsoft.IO.RecyclableMemoryStream.ThrowDisposedException() in /_/src/RecyclableMemoryStream.cs:line 1453
   at Microsoft.IO.RecyclableMemoryStream.Write(Byte[] buffer, Int32 offset, Int32 count) in /_/src/RecyclableMemoryStream.cs:line 997
   at System.IO.MemoryStream.WriteAsync(ReadOnlyMemory`1 buffer, CancellationToken cancellationToken)
--- End of stack trace from previous location ---
   at System.IO.Pipelines.StreamPipeWriter.FlushAsyncInternal(Boolean writeToStream, ReadOnlyMemory`1 data, CancellationToken cancellationToken)
   at SimApi.Service.Middleware.ErrorHandlerMiddleware.Invoke(HttpContext context) in C:\Users\ibrah\Desktop\recep hoca ders kayıt\5.hafta\pzr 5hafta\Yeni klasör\pk-sim-main\SimApi\SimApi\Middleware\ErrorHandlerMiddleware.cs:line 33
   at SimApi.Service.Middleware.HeartBeatMiddleware.Invoke(HttpContext context) in C:\Users\ibrah\Desktop\recep hoca ders kayıt\5.hafta\pzr 5hafta\Yeni klasör\pk-sim-main\SimApi\SimApi\Middleware\HeartBeatMiddleware.cs:line 25
   at Swashbuckle.AspNetCore.SwaggerUI.SwaggerUIMiddleware.Invoke(HttpContext httpContext)
   at Swashbuckle.AspNetCore.Swagger.SwaggerMiddleware.Invoke(HttpContext httpContext, ISwaggerProvider swaggerProvider)
   at Microsoft.AspNetCore.Diagnostics.DeveloperExceptionPageMiddleware.Invoke(HttpContext context)
   at Microsoft.AspNetCore.Diagnostics.DeveloperExceptionPageMiddleware.Invoke(HttpContext context)
   at Microsoft.AspNetCore.Watch.BrowserRefresh.BrowserRefreshMiddleware.InvokeAsync(HttpContext context)
   at Microsoft.AspNetCore.Server.Kestrel.Core.Internal.Http.HttpProtocol.ProcessRequests[TContext](IHttpApplication`1 application)
2023-06-13 15:57:01.508 [INF] LogHeartBeatMiddleware.Invoke
2023-06-13 15:57:01.509 [INF] LogErrorHandlerMiddleware.Invoke
2023-06-13 15:57:01.510 [INF] LogRequestLoggingMiddleware.Invoke
2023-06-13 15:57:01.540 [FTL] Path=/simapi/v1/Category || Method=GET || Exception=Unable to resolve service for type 'SimApi.Operation.Dapper.Category.ICategoryService' while attempting to activate 'SimApi.Service.Controllers.CategoryController'.
2023-06-13 15:57:01.570 [ERR] An unhandled exception has occurred while executing the request.
System.ObjectDisposedException: Cannot access a disposed object.
Object name: 'The stream with Id a2817128-11e3-442e-bcfe-b00c2e48290b and Tag  is disposed.'.
   at Microsoft.IO.RecyclableMemoryStream.ThrowDisposedException() in /_/src/RecyclableMemoryStream.cs:line 1453
   at Microsoft.IO.RecyclableMemoryStream.Write(Byte[] buffer, Int32 offset, Int32 count) in /_/src/RecyclableMemoryStream.cs:line 997
   at System.IO.MemoryStream.WriteAsync(ReadOnlyMemory`1 buffer, CancellationToken cancellationToken)
--- End of stack trace from previous location ---
   at System.IO.Pipelines.StreamPipeWriter.FlushAsyncInternal(Boolean writeToStream, ReadOnlyMemory`1 data, CancellationToken cancellationToken)
   at SimApi.Service.Middleware.ErrorHandlerMiddleware.Invoke(HttpContext context) in C:\Users\ibrah\Desktop\recep hoca ders kayıt\5.hafta\pzr 5hafta\Yeni klasör\pk-sim-main\SimApi\SimApi\Middleware\ErrorHandlerMiddleware.cs:line 33
   at SimApi.Service.Middleware.HeartBeatMiddleware.Invoke(HttpContext context) in C:\Users\ibrah\Desktop\recep hoca ders kayıt\5.hafta\pzr 5hafta\Yeni klasör\pk-sim-main\SimApi\SimApi\Middleware\HeartBeatMiddleware.cs:line 25
   at Swashbuckle.AspNetCore.SwaggerUI.SwaggerUIMiddleware.Invoke(HttpContext httpContext)
   at Swashbuckle.AspNetCore.Swagger.SwaggerMiddleware.Invoke(HttpContext httpContext, ISwaggerProvider swaggerProvider)
   at Microsoft.AspNetCore.Diagnostics.DeveloperExceptionPageMiddleware.Invoke(HttpContext context)
2023-06-13 15:57:01.576 [ERR] An exception was thrown attempting to display the error page.
System.ObjectDisposedException: Cannot access a disposed object.
Object name: 'The stream with Id a2817128-11e3-442e-bcfe-b00c2e48290b and Tag  is disposed.'.
   at Microsoft.IO.RecyclableMemoryStream.ThrowDisposedException() in /_/src/RecyclableMemoryStream.cs:line 1453
   at Microsoft.IO.RecyclableMemoryStream.Write(Byte[] buffer, Int32 offset, Int32 count) in /_/src/RecyclableMemoryStream.cs:line 997
   at System.IO.MemoryStream.WriteAsync(ReadOnlyMemory`1 buffer, CancellationToken cancellationToken)
--- End of stack trace from previous location ---
   at System.IO.Pipelines.StreamPipeWriter.FlushAsyncInternal(Boolean writeToStream, ReadOnlyMemory`1 data, CancellationToken cancellationToken)
   at Microsoft.AspNetCore.Diagnostics.DeveloperExceptionPageMiddleware.Invoke(HttpContext context)
2023-06-13 15:57:01.579 [ERR] Connection id "0HMRC1MHIO44N", Request id "0HMRC1MHIO44N:0000001B": An unhandled exception was thrown by the application.
System.ObjectDisposedException: Cannot access a disposed object.
Object name: 'The stream with Id a2817128-11e3-442e-bcfe-b00c2e48290b and Tag  is disposed.'.
   at Microsoft.IO.RecyclableMemoryStream.ThrowDisposedException() in /_/src/RecyclableMemoryStream.cs:line 1453
   at Microsoft.IO.RecyclableMemoryStream.Write(Byte[] buffer, Int32 offset, Int32 count) in /_/src/RecyclableMemoryStream.cs:line 997
   at System.IO.MemoryStream.WriteAsync(ReadOnlyMemory`1 buffer, CancellationToken cancellationToken)
--- End of stack trace from previous location ---
   at System.IO.Pipelines.StreamPipeWriter.FlushAsyncInternal(Boolean writeToStream, ReadOnlyMemory`1 data, CancellationToken cancellationToken)
   at SimApi.Service.Middleware.ErrorHandlerMiddleware.Invoke(HttpContext context) in C:\Users\ibrah\Desktop\recep hoca ders kayıt\5.hafta\pzr 5hafta\Yeni klasör\pk-sim-main\SimApi\SimApi\Middleware\ErrorHandlerMiddleware.cs:line 33
   at SimApi.Service.Middleware.HeartBeatMiddleware.Invoke(HttpContext context) in C:\Users\ibrah\Desktop\recep hoca ders kayıt\5.hafta\pzr 5hafta\Yeni klasör\pk-sim-main\SimApi\SimApi\Middleware\HeartBeatMiddleware.cs:line 25
   at Swashbuckle.AspNetCore.SwaggerUI.SwaggerUIMiddleware.Invoke(HttpContext httpContext)
   at Swashbuckle.AspNetCore.Swagger.SwaggerMiddleware.Invoke(HttpContext httpContext, ISwaggerProvider swaggerProvider)
   at Microsoft.AspNetCore.Diagnostics.DeveloperExceptionPageMiddleware.Invoke(HttpContext context)
   at Microsoft.AspNetCore.Diagnostics.DeveloperExceptionPageMiddleware.Invoke(HttpContext context)
   at Microsoft.AspNetCore.Watch.BrowserRefresh.BrowserRefreshMiddleware.InvokeAsync(HttpContext context)
   at Microsoft.AspNetCore.Server.Kestrel.Core.Internal.Http.HttpProtocol.ProcessRequests[TContext](IHttpApplication`1 application)
2023-06-13 15:57:10.289 [INF] LogHeartBeatMiddleware.Invoke
2023-06-13 15:57:10.290 [INF] LogErrorHandlerMiddleware.Invoke
2023-06-13 15:57:10.291 [INF] LogRequestLoggingMiddleware.Invoke
2023-06-13 15:57:10.330 [FTL] Path=/simapi/v1/Category || Method=POST || Exception=Unable to resolve service for type 'SimApi.Operation.Dapper.Category.ICategoryService' while attempting to activate 'SimApi.Service.Controllers.CategoryController'.
2023-06-13 15:57:10.364 [ERR] An unhandled exception has occurred while executing the request.
System.ObjectDisposedException: Cannot access a disposed object.
Object name: 'The stream with Id 46644182-5a19-44fc-978e-d401c841882b and Tag  is disposed.'.
   at Microsoft.IO.RecyclableMemoryStream.ThrowDisposedException() in /_/src/RecyclableMemoryStream.cs:line 1453
   at Microsoft.IO.RecyclableMemoryStream.Write(Byte[] buffer, Int32 offset, Int32 count) in /_/src/RecyclableMemoryStream.cs:line 997
   at System.IO.MemoryStream.WriteAsync(ReadOnlyMemory`1 buffer, CancellationToken cancellationToken)
--- End of stack trace from previous location ---
   at System.IO.Pipelines.StreamPipeWriter.FlushAsyncInternal(Boolean writeToStream, ReadOnlyMemory`1 data, CancellationToken cancellationToken)
   at SimApi.Service.Middleware.ErrorHandlerMiddleware.Invoke(HttpContext context) in C:\Users\ibrah\Desktop\recep hoca ders kayıt\5.hafta\pzr 5hafta\Yeni klasör\pk-sim-main\SimApi\SimApi\Middleware\ErrorHandlerMiddleware.cs:line 33
   at SimApi.Service.Middleware.HeartBeatMiddleware.Invoke(HttpContext context) in C:\Users\ibrah\Desktop\recep hoca ders kayıt\5.hafta\pzr 5hafta\Yeni klasör\pk-sim-main\SimApi\SimApi\Middleware\HeartBeatMiddleware.cs:line 25
   at Swashbuckle.AspNetCore.SwaggerUI.SwaggerUIMiddleware.Invoke(HttpContext httpContext)
   at Swashbuckle.AspNetCore.Swagger.SwaggerMiddleware.Invoke(HttpContext httpContext, ISwaggerProvider swaggerProvider)
   at Microsoft.AspNetCore.Diagnostics.DeveloperExceptionPageMiddleware.Invoke(HttpContext context)
2023-06-13 15:57:10.369 [ERR] An exception was thrown attempting to display the error page.
System.ObjectDisposedException: Cannot access a disposed object.
Object name: 'The stream with Id 46644182-5a19-44fc-978e-d401c841882b and Tag  is disposed.'.
   at Microsoft.IO.RecyclableMemoryStream.ThrowDisposedException() in /_/src/RecyclableMemoryStream.cs:line 1453
   at Microsoft.IO.RecyclableMemoryStream.Write(Byte[] buffer, Int32 offset, Int32 count) in /_/src/RecyclableMemoryStream.cs:line 997
   at System.IO.MemoryStream.WriteAsync(ReadOnlyMemory`1 buffer, CancellationToken cancellationToken)
--- End of stack trace from previous location ---
   at System.IO.Pipelines.StreamPipeWriter.FlushAsyncInternal(Boolean writeToStream, ReadOnlyMemory`1 data, CancellationToken cancellationToken)
   at Microsoft.AspNetCore.Diagnostics.DeveloperExceptionPageMiddleware.Invoke(HttpContext context)
2023-06-13 15:57:10.372 [ERR] Connection id "0HMRC1MHIO44N", Request id "0HMRC1MHIO44N:0000001D": An unhandled exception was thrown by the application.
System.ObjectDisposedException: Cannot access a disposed object.
Object name: 'The stream with Id 46644182-5a19-44fc-978e-d401c841882b and Tag  is disposed.'.
   at Microsoft.IO.RecyclableMemoryStream.ThrowDisposedException() in /_/src/RecyclableMemoryStream.cs:line 1453
   at Microsoft.IO.RecyclableMemoryStream.Write(Byte[] buffer, Int32 offset, Int32 count) in /_/src/RecyclableMemoryStream.cs:line 997
   at System.IO.MemoryStream.WriteAsync(ReadOnlyMemory`1 buffer, CancellationToken cancellationToken)
--- End of stack trace from previous location ---
   at System.IO.Pipelines.StreamPipeWriter.FlushAsyncInternal(Boolean writeToStream, ReadOnlyMemory`1 data, CancellationToken cancellationToken)
   at SimApi.Service.Middleware.ErrorHandlerMiddleware.Invoke(HttpContext context) in C:\Users\ibrah\Desktop\recep hoca ders kayıt\5.hafta\pzr 5hafta\Yeni klasör\pk-sim-main\SimApi\SimApi\Middleware\ErrorHandlerMiddleware.cs:line 33
   at SimApi.Service.Middleware.HeartBeatMiddleware.Invoke(HttpContext context) in C:\Users\ibrah\Desktop\recep hoca ders kayıt\5.hafta\pzr 5hafta\Yeni klasör\pk-sim-main\SimApi\SimApi\Middleware\HeartBeatMiddleware.cs:line 25
   at Swashbuckle.AspNetCore.SwaggerUI.SwaggerUIMiddleware.Invoke(HttpContext httpContext)
   at Swashbuckle.AspNetCore.Swagger.SwaggerMiddleware.Invoke(HttpContext httpContext, ISwaggerProvider swaggerProvider)
   at Microsoft.AspNetCore.Diagnostics.DeveloperExceptionPageMiddleware.Invoke(HttpContext context)
   at Microsoft.AspNetCore.Diagnostics.DeveloperExceptionPageMiddleware.Invoke(HttpContext context)
   at Microsoft.AspNetCore.Watch.BrowserRefresh.BrowserRefreshMiddleware.InvokeAsync(HttpContext context)
   at Microsoft.AspNetCore.Server.Kestrel.Core.Internal.Http.HttpProtocol.ProcessRequests[TContext](IHttpApplication`1 application)
2023-06-13 16:36:33.249 [INF] Application is starting...
2023-06-13 16:40:10.058 [INF] Application is starting...
2023-06-13 16:40:21.106 [INF] LogHeartBeatMiddleware.Invoke
2023-06-13 16:40:21.110 [INF] LogErrorHandlerMiddleware.Invoke
2023-06-13 16:40:21.112 [INF] LogRequestLoggingMiddleware.Invoke
2023-06-13 16:40:21.258 [FTL] Path=/simapi/v2/Category || Method=GET || Exception=Unable to resolve service for type 'SimApi.Operation.Dapper.Category.ICategoryService' while attempting to activate 'SimApi.Service.DapperCategoryContoller.CategoryController'.
2023-06-13 16:40:21.295 [ERR] An unhandled exception has occurred while executing the request.
System.ObjectDisposedException: Cannot access a disposed object.
Object name: 'The stream with Id 0bae9d61-414c-4b40-9eea-e7f58f3f5f8d and Tag  is disposed.'.
   at Microsoft.IO.RecyclableMemoryStream.ThrowDisposedException() in /_/src/RecyclableMemoryStream.cs:line 1453
   at Microsoft.IO.RecyclableMemoryStream.Write(Byte[] buffer, Int32 offset, Int32 count) in /_/src/RecyclableMemoryStream.cs:line 997
   at System.IO.MemoryStream.WriteAsync(ReadOnlyMemory`1 buffer, CancellationToken cancellationToken)
--- End of stack trace from previous location ---
   at System.IO.Pipelines.StreamPipeWriter.FlushAsyncInternal(Boolean writeToStream, ReadOnlyMemory`1 data, CancellationToken cancellationToken)
   at SimApi.Service.Middleware.ErrorHandlerMiddleware.Invoke(HttpContext context) in C:\Users\ibrah\Desktop\recep hoca ders kayıt\5.hafta\pzr 5hafta\Yeni klasör\pk-sim-main\SimApi\SimApi\Middleware\ErrorHandlerMiddleware.cs:line 33
   at SimApi.Service.Middleware.HeartBeatMiddleware.Invoke(HttpContext context) in C:\Users\ibrah\Desktop\recep hoca ders kayıt\5.hafta\pzr 5hafta\Yeni klasör\pk-sim-main\SimApi\SimApi\Middleware\HeartBeatMiddleware.cs:line 25
   at Swashbuckle.AspNetCore.SwaggerUI.SwaggerUIMiddleware.Invoke(HttpContext httpContext)
   at Swashbuckle.AspNetCore.Swagger.SwaggerMiddleware.Invoke(HttpContext httpContext, ISwaggerProvider swaggerProvider)
   at Microsoft.AspNetCore.Diagnostics.DeveloperExceptionPageMiddleware.Invoke(HttpContext context)
2023-06-13 16:40:21.351 [ERR] An exception was thrown attempting to display the error page.
System.ObjectDisposedException: Cannot access a disposed object.
Object name: 'The stream with Id 0bae9d61-414c-4b40-9eea-e7f58f3f5f8d and Tag  is disposed.'.
   at Microsoft.IO.RecyclableMemoryStream.ThrowDisposedException() in /_/src/RecyclableMemoryStream.cs:line 1453
   at Microsoft.IO.RecyclableMemoryStream.Write(Byte[] buffer, Int32 offset, Int32 count) in /_/src/RecyclableMemoryStream.cs:line 997
   at System.IO.MemoryStream.WriteAsync(ReadOnlyMemory`1 buffer, CancellationToken cancellationToken)
--- End of stack trace from previous location ---
   at System.IO.Pipelines.StreamPipeWriter.FlushAsyncInternal(Boolean writeToStream, ReadOnlyMemory`1 data, CancellationToken cancellationToken)
   at Microsoft.AspNetCore.Diagnostics.DeveloperExceptionPageMiddleware.Invoke(HttpContext context)
2023-06-13 16:40:21.360 [ERR] Connection id "0HMRC2ER29IH0", Request id "0HMRC2ER29IH0:00000017": An unhandled exception was thrown by the application.
System.ObjectDisposedException: Cannot access a disposed object.
Object name: 'The stream with Id 0bae9d61-414c-4b40-9eea-e7f58f3f5f8d and Tag  is disposed.'.
   at Microsoft.IO.RecyclableMemoryStream.ThrowDisposedException() in /_/src/RecyclableMemoryStream.cs:line 1453
   at Microsoft.IO.RecyclableMemoryStream.Write(Byte[] buffer, Int32 offset, Int32 count) in /_/src/RecyclableMemoryStream.cs:line 997
   at System.IO.MemoryStream.WriteAsync(ReadOnlyMemory`1 buffer, CancellationToken cancellationToken)
--- End of stack trace from previous location ---
   at System.IO.Pipelines.StreamPipeWriter.FlushAsyncInternal(Boolean writeToStream, ReadOnlyMemory`1 data, CancellationToken cancellationToken)
   at SimApi.Service.Middleware.ErrorHandlerMiddleware.Invoke(HttpContext context) in C:\Users\ibrah\Desktop\recep hoca ders kayıt\5.hafta\pzr 5hafta\Yeni klasör\pk-sim-main\SimApi\SimApi\Middleware\ErrorHandlerMiddleware.cs:line 33
   at SimApi.Service.Middleware.HeartBeatMiddleware.Invoke(HttpContext context) in C:\Users\ibrah\Desktop\recep hoca ders kayıt\5.hafta\pzr 5hafta\Yeni klasör\pk-sim-main\SimApi\SimApi\Middleware\HeartBeatMiddleware.cs:line 25
   at Swashbuckle.AspNetCore.SwaggerUI.SwaggerUIMiddleware.Invoke(HttpContext httpContext)
   at Swashbuckle.AspNetCore.Swagger.SwaggerMiddleware.Invoke(HttpContext httpContext, ISwaggerProvider swaggerProvider)
   at Microsoft.AspNetCore.Diagnostics.DeveloperExceptionPageMiddleware.Invoke(HttpContext context)
   at Microsoft.AspNetCore.Diagnostics.DeveloperExceptionPageMiddleware.Invoke(HttpContext context)
   at Microsoft.AspNetCore.Watch.BrowserRefresh.BrowserRefreshMiddleware.InvokeAsync(HttpContext context)
   at Microsoft.AspNetCore.Server.Kestrel.Core.Internal.Http.HttpProtocol.ProcessRequests[TContext](IHttpApplication`1 application)
2023-06-13 16:45:40.075 [INF] Application is starting...
2023-06-13 16:45:47.471 [INF] LogHeartBeatMiddleware.Invoke
2023-06-13 16:45:47.475 [INF] LogErrorHandlerMiddleware.Invoke
2023-06-13 16:45:47.477 [INF] LogRequestLoggingMiddleware.Invoke
2023-06-13 16:45:47.623 [FTL] Path=/simapi/v2/Category || Method=GET || Exception=Unable to resolve service for type 'SimApi.Operation.Dapper.Category.ICategoryService' while attempting to activate 'SimApi.Service.DapperCategoryContoller.CategoryController'.
2023-06-13 16:45:47.660 [ERR] An unhandled exception has occurred while executing the request.
System.ObjectDisposedException: Cannot access a disposed object.
Object name: 'The stream with Id 8f194aec-3caf-4123-afaa-de5ab593f71b and Tag  is disposed.'.
   at Microsoft.IO.RecyclableMemoryStream.ThrowDisposedException() in /_/src/RecyclableMemoryStream.cs:line 1453
   at Microsoft.IO.RecyclableMemoryStream.Write(Byte[] buffer, Int32 offset, Int32 count) in /_/src/RecyclableMemoryStream.cs:line 997
   at System.IO.MemoryStream.WriteAsync(ReadOnlyMemory`1 buffer, CancellationToken cancellationToken)
--- End of stack trace from previous location ---
   at System.IO.Pipelines.StreamPipeWriter.FlushAsyncInternal(Boolean writeToStream, ReadOnlyMemory`1 data, CancellationToken cancellationToken)
   at SimApi.Service.Middleware.ErrorHandlerMiddleware.Invoke(HttpContext context) in C:\Users\ibrah\Desktop\recep hoca ders kayıt\5.hafta\pzr 5hafta\Yeni klasör\pk-sim-main\SimApi\SimApi\Middleware\ErrorHandlerMiddleware.cs:line 33
   at SimApi.Service.Middleware.HeartBeatMiddleware.Invoke(HttpContext context) in C:\Users\ibrah\Desktop\recep hoca ders kayıt\5.hafta\pzr 5hafta\Yeni klasör\pk-sim-main\SimApi\SimApi\Middleware\HeartBeatMiddleware.cs:line 25
   at Swashbuckle.AspNetCore.SwaggerUI.SwaggerUIMiddleware.Invoke(HttpContext httpContext)
   at Swashbuckle.AspNetCore.Swagger.SwaggerMiddleware.Invoke(HttpContext httpContext, ISwaggerProvider swaggerProvider)
   at Microsoft.AspNetCore.Diagnostics.DeveloperExceptionPageMiddleware.Invoke(HttpContext context)
2023-06-13 16:45:47.714 [ERR] An exception was thrown attempting to display the error page.
System.ObjectDisposedException: Cannot access a disposed object.
Object name: 'The stream with Id 8f194aec-3caf-4123-afaa-de5ab593f71b and Tag  is disposed.'.
   at Microsoft.IO.RecyclableMemoryStream.ThrowDisposedException() in /_/src/RecyclableMemoryStream.cs:line 1453
   at Microsoft.IO.RecyclableMemoryStream.Write(Byte[] buffer, Int32 offset, Int32 count) in /_/src/RecyclableMemoryStream.cs:line 997
   at System.IO.MemoryStream.WriteAsync(ReadOnlyMemory`1 buffer, CancellationToken cancellationToken)
--- End of stack trace from previous location ---
   at System.IO.Pipelines.StreamPipeWriter.FlushAsyncInternal(Boolean writeToStream, ReadOnlyMemory`1 data, CancellationToken cancellationToken)
   at Microsoft.AspNetCore.Diagnostics.DeveloperExceptionPageMiddleware.Invoke(HttpContext context)
2023-06-13 16:45:47.724 [ERR] Connection id "0HMRC2HTAQ0VL", Request id "0HMRC2HTAQ0VL:00000017": An unhandled exception was thrown by the application.
System.ObjectDisposedException: Cannot access a disposed object.
Object name: 'The stream with Id 8f194aec-3caf-4123-afaa-de5ab593f71b and Tag  is disposed.'.
   at Microsoft.IO.RecyclableMemoryStream.ThrowDisposedException() in /_/src/RecyclableMemoryStream.cs:line 1453
   at Microsoft.IO.RecyclableMemoryStream.Write(Byte[] buffer, Int32 offset, Int32 count) in /_/src/RecyclableMemoryStream.cs:line 997
   at System.IO.MemoryStream.WriteAsync(ReadOnlyMemory`1 buffer, CancellationToken cancellationToken)
--- End of stack trace from previous location ---
   at System.IO.Pipelines.StreamPipeWriter.FlushAsyncInternal(Boolean writeToStream, ReadOnlyMemory`1 data, CancellationToken cancellationToken)
   at SimApi.Service.Middleware.ErrorHandlerMiddleware.Invoke(HttpContext context) in C:\Users\ibrah\Desktop\recep hoca ders kayıt\5.hafta\pzr 5hafta\Yeni klasör\pk-sim-main\SimApi\SimApi\Middleware\ErrorHandlerMiddleware.cs:line 33
   at SimApi.Service.Middleware.HeartBeatMiddleware.Invoke(HttpContext context) in C:\Users\ibrah\Desktop\recep hoca ders kayıt\5.hafta\pzr 5hafta\Yeni klasör\pk-sim-main\SimApi\SimApi\Middleware\HeartBeatMiddleware.cs:line 25
   at Swashbuckle.AspNetCore.SwaggerUI.SwaggerUIMiddleware.Invoke(HttpContext httpContext)
   at Swashbuckle.AspNetCore.Swagger.SwaggerMiddleware.Invoke(HttpContext httpContext, ISwaggerProvider swaggerProvider)
   at Microsoft.AspNetCore.Diagnostics.DeveloperExceptionPageMiddleware.Invoke(HttpContext context)
   at Microsoft.AspNetCore.Diagnostics.DeveloperExceptionPageMiddleware.Invoke(HttpContext context)
   at Microsoft.AspNetCore.Watch.BrowserRefresh.BrowserRefreshMiddleware.InvokeAsync(HttpContext context)
   at Microsoft.AspNetCore.Server.Kestrel.Core.Internal.Http.HttpProtocol.ProcessRequests[TContext](IHttpApplication`1 application)
2023-06-13 16:47:33.620 [INF] LogHeartBeatMiddleware.Invoke
2023-06-13 16:47:33.621 [INF] LogErrorHandlerMiddleware.Invoke
2023-06-13 16:47:33.621 [INF] LogRequestLoggingMiddleware.Invoke
2023-06-13 16:47:33.652 [FTL] Path=/simapi/v2/Category || Method=GET || Exception=Unable to resolve service for type 'SimApi.Operation.Dapper.Category.ICategoryService' while attempting to activate 'SimApi.Service.DapperCategoryContoller.CategoryController'.
2023-06-13 16:47:33.682 [ERR] An unhandled exception has occurred while executing the request.
System.ObjectDisposedException: Cannot access a disposed object.
Object name: 'The stream with Id 143ff4cd-63f5-4dfa-ac21-94572179034a and Tag  is disposed.'.
   at Microsoft.IO.RecyclableMemoryStream.ThrowDisposedException() in /_/src/RecyclableMemoryStream.cs:line 1453
   at Microsoft.IO.RecyclableMemoryStream.Write(Byte[] buffer, Int32 offset, Int32 count) in /_/src/RecyclableMemoryStream.cs:line 997
   at System.IO.MemoryStream.WriteAsync(ReadOnlyMemory`1 buffer, CancellationToken cancellationToken)
--- End of stack trace from previous location ---
   at System.IO.Pipelines.StreamPipeWriter.FlushAsyncInternal(Boolean writeToStream, ReadOnlyMemory`1 data, CancellationToken cancellationToken)
   at SimApi.Service.Middleware.ErrorHandlerMiddleware.Invoke(HttpContext context) in C:\Users\ibrah\Desktop\recep hoca ders kayıt\5.hafta\pzr 5hafta\Yeni klasör\pk-sim-main\SimApi\SimApi\Middleware\ErrorHandlerMiddleware.cs:line 33
   at SimApi.Service.Middleware.HeartBeatMiddleware.Invoke(HttpContext context) in C:\Users\ibrah\Desktop\recep hoca ders kayıt\5.hafta\pzr 5hafta\Yeni klasör\pk-sim-main\SimApi\SimApi\Middleware\HeartBeatMiddleware.cs:line 25
   at Swashbuckle.AspNetCore.SwaggerUI.SwaggerUIMiddleware.Invoke(HttpContext httpContext)
   at Swashbuckle.AspNetCore.Swagger.SwaggerMiddleware.Invoke(HttpContext httpContext, ISwaggerProvider swaggerProvider)
   at Microsoft.AspNetCore.Diagnostics.DeveloperExceptionPageMiddleware.Invoke(HttpContext context)
2023-06-13 16:47:33.690 [ERR] An exception was thrown attempting to display the error page.
System.ObjectDisposedException: Cannot access a disposed object.
Object name: 'The stream with Id 143ff4cd-63f5-4dfa-ac21-94572179034a and Tag  is disposed.'.
   at Microsoft.IO.RecyclableMemoryStream.ThrowDisposedException() in /_/src/RecyclableMemoryStream.cs:line 1453
   at Microsoft.IO.RecyclableMemoryStream.Write(Byte[] buffer, Int32 offset, Int32 count) in /_/src/RecyclableMemoryStream.cs:line 997
   at System.IO.MemoryStream.WriteAsync(ReadOnlyMemory`1 buffer, CancellationToken cancellationToken)
--- End of stack trace from previous location ---
   at System.IO.Pipelines.StreamPipeWriter.FlushAsyncInternal(Boolean writeToStream, ReadOnlyMemory`1 data, CancellationToken cancellationToken)
   at Microsoft.AspNetCore.Diagnostics.DeveloperExceptionPageMiddleware.Invoke(HttpContext context)
2023-06-13 16:47:33.694 [ERR] Connection id "0HMRC2HTAQ0VL", Request id "0HMRC2HTAQ0VL:00000019": An unhandled exception was thrown by the application.
System.ObjectDisposedException: Cannot access a disposed object.
Object name: 'The stream with Id 143ff4cd-63f5-4dfa-ac21-94572179034a and Tag  is disposed.'.
   at Microsoft.IO.RecyclableMemoryStream.ThrowDisposedException() in /_/src/RecyclableMemoryStream.cs:line 1453
   at Microsoft.IO.RecyclableMemoryStream.Write(Byte[] buffer, Int32 offset, Int32 count) in /_/src/RecyclableMemoryStream.cs:line 997
   at System.IO.MemoryStream.WriteAsync(ReadOnlyMemory`1 buffer, CancellationToken cancellationToken)
--- End of stack trace from previous location ---
   at System.IO.Pipelines.StreamPipeWriter.FlushAsyncInternal(Boolean writeToStream, ReadOnlyMemory`1 data, CancellationToken cancellationToken)
   at SimApi.Service.Middleware.ErrorHandlerMiddleware.Invoke(HttpContext context) in C:\Users\ibrah\Desktop\recep hoca ders kayıt\5.hafta\pzr 5hafta\Yeni klasör\pk-sim-main\SimApi\SimApi\Middleware\ErrorHandlerMiddleware.cs:line 33
   at SimApi.Service.Middleware.HeartBeatMiddleware.Invoke(HttpContext context) in C:\Users\ibrah\Desktop\recep hoca ders kayıt\5.hafta\pzr 5hafta\Yeni klasör\pk-sim-main\SimApi\SimApi\Middleware\HeartBeatMiddleware.cs:line 25
   at Swashbuckle.AspNetCore.SwaggerUI.SwaggerUIMiddleware.Invoke(HttpContext httpContext)
   at Swashbuckle.AspNetCore.Swagger.SwaggerMiddleware.Invoke(HttpContext httpContext, ISwaggerProvider swaggerProvider)
   at Microsoft.AspNetCore.Diagnostics.DeveloperExceptionPageMiddleware.Invoke(HttpContext context)
   at Microsoft.AspNetCore.Diagnostics.DeveloperExceptionPageMiddleware.Invoke(HttpContext context)
   at Microsoft.AspNetCore.Watch.BrowserRefresh.BrowserRefreshMiddleware.InvokeAsync(HttpContext context)
   at Microsoft.AspNetCore.Server.Kestrel.Core.Internal.Http.HttpProtocol.ProcessRequests[TContext](IHttpApplication`1 application)
2023-06-13 16:49:33.205 [INF] Application is starting...
2023-06-13 16:49:46.148 [INF] LogHeartBeatMiddleware.Invoke
2023-06-13 16:49:46.152 [INF] LogErrorHandlerMiddleware.Invoke
2023-06-13 16:49:46.153 [INF] LogRequestLoggingMiddleware.Invoke
2023-06-13 16:49:46.298 [FTL] Path=/simapi/v2/Category || Method=GET || Exception=Unable to resolve service for type 'SimApi.Operation.Dapper.Category.ICategoryService' while attempting to activate 'SimApi.Service.DapperCategoryContoller.CategoryController'.
2023-06-13 16:49:46.335 [ERR] An unhandled exception has occurred while executing the request.
System.ObjectDisposedException: Cannot access a disposed object.
Object name: 'The stream with Id 60e159da-c2dd-439c-8545-5577d06b44bc and Tag  is disposed.'.
   at Microsoft.IO.RecyclableMemoryStream.ThrowDisposedException() in /_/src/RecyclableMemoryStream.cs:line 1453
   at Microsoft.IO.RecyclableMemoryStream.Write(Byte[] buffer, Int32 offset, Int32 count) in /_/src/RecyclableMemoryStream.cs:line 997
   at System.IO.MemoryStream.WriteAsync(ReadOnlyMemory`1 buffer, CancellationToken cancellationToken)
--- End of stack trace from previous location ---
   at System.IO.Pipelines.StreamPipeWriter.FlushAsyncInternal(Boolean writeToStream, ReadOnlyMemory`1 data, CancellationToken cancellationToken)
   at SimApi.Service.Middleware.ErrorHandlerMiddleware.Invoke(HttpContext context) in C:\Users\ibrah\Desktop\recep hoca ders kayıt\5.hafta\pzr 5hafta\Yeni klasör\pk-sim-main\SimApi\SimApi\Middleware\ErrorHandlerMiddleware.cs:line 33
   at SimApi.Service.Middleware.HeartBeatMiddleware.Invoke(HttpContext context) in C:\Users\ibrah\Desktop\recep hoca ders kayıt\5.hafta\pzr 5hafta\Yeni klasör\pk-sim-main\SimApi\SimApi\Middleware\HeartBeatMiddleware.cs:line 25
   at Swashbuckle.AspNetCore.SwaggerUI.SwaggerUIMiddleware.Invoke(HttpContext httpContext)
   at Swashbuckle.AspNetCore.Swagger.SwaggerMiddleware.Invoke(HttpContext httpContext, ISwaggerProvider swaggerProvider)
   at Microsoft.AspNetCore.Diagnostics.DeveloperExceptionPageMiddleware.Invoke(HttpContext context)
2023-06-13 16:49:46.387 [ERR] An exception was thrown attempting to display the error page.
System.ObjectDisposedException: Cannot access a disposed object.
Object name: 'The stream with Id 60e159da-c2dd-439c-8545-5577d06b44bc and Tag  is disposed.'.
   at Microsoft.IO.RecyclableMemoryStream.ThrowDisposedException() in /_/src/RecyclableMemoryStream.cs:line 1453
   at Microsoft.IO.RecyclableMemoryStream.Write(Byte[] buffer, Int32 offset, Int32 count) in /_/src/RecyclableMemoryStream.cs:line 997
   at System.IO.MemoryStream.WriteAsync(ReadOnlyMemory`1 buffer, CancellationToken cancellationToken)
--- End of stack trace from previous location ---
   at System.IO.Pipelines.StreamPipeWriter.FlushAsyncInternal(Boolean writeToStream, ReadOnlyMemory`1 data, CancellationToken cancellationToken)
   at Microsoft.AspNetCore.Diagnostics.DeveloperExceptionPageMiddleware.Invoke(HttpContext context)
2023-06-13 16:49:46.396 [ERR] Connection id "0HMRC2K2SV0BV", Request id "0HMRC2K2SV0BV:00000017": An unhandled exception was thrown by the application.
System.ObjectDisposedException: Cannot access a disposed object.
Object name: 'The stream with Id 60e159da-c2dd-439c-8545-5577d06b44bc and Tag  is disposed.'.
   at Microsoft.IO.RecyclableMemoryStream.ThrowDisposedException() in /_/src/RecyclableMemoryStream.cs:line 1453
   at Microsoft.IO.RecyclableMemoryStream.Write(Byte[] buffer, Int32 offset, Int32 count) in /_/src/RecyclableMemoryStream.cs:line 997
   at System.IO.MemoryStream.WriteAsync(ReadOnlyMemory`1 buffer, CancellationToken cancellationToken)
--- End of stack trace from previous location ---
   at System.IO.Pipelines.StreamPipeWriter.FlushAsyncInternal(Boolean writeToStream, ReadOnlyMemory`1 data, CancellationToken cancellationToken)
   at SimApi.Service.Middleware.ErrorHandlerMiddleware.Invoke(HttpContext context) in C:\Users\ibrah\Desktop\recep hoca ders kayıt\5.hafta\pzr 5hafta\Yeni klasör\pk-sim-main\SimApi\SimApi\Middleware\ErrorHandlerMiddleware.cs:line 33
   at SimApi.Service.Middleware.HeartBeatMiddleware.Invoke(HttpContext context) in C:\Users\ibrah\Desktop\recep hoca ders kayıt\5.hafta\pzr 5hafta\Yeni klasör\pk-sim-main\SimApi\SimApi\Middleware\HeartBeatMiddleware.cs:line 25
   at Swashbuckle.AspNetCore.SwaggerUI.SwaggerUIMiddleware.Invoke(HttpContext httpContext)
   at Swashbuckle.AspNetCore.Swagger.SwaggerMiddleware.Invoke(HttpContext httpContext, ISwaggerProvider swaggerProvider)
   at Microsoft.AspNetCore.Diagnostics.DeveloperExceptionPageMiddleware.Invoke(HttpContext context)
   at Microsoft.AspNetCore.Diagnostics.DeveloperExceptionPageMiddleware.Invoke(HttpContext context)
   at Microsoft.AspNetCore.Watch.BrowserRefresh.BrowserRefreshMiddleware.InvokeAsync(HttpContext context)
   at Microsoft.AspNetCore.Server.Kestrel.Core.Internal.Http.HttpProtocol.ProcessRequests[TContext](IHttpApplication`1 application)
2023-06-13 16:52:30.056 [INF] Application is starting...
2023-06-13 16:52:39.654 [INF] LogHeartBeatMiddleware.Invoke
2023-06-13 16:52:39.658 [INF] LogErrorHandlerMiddleware.Invoke
2023-06-13 16:52:39.660 [INF] LogRequestLoggingMiddleware.Invoke
2023-06-13 16:52:39.814 [FTL] Path=/simapi/v2/Category || Method=GET || Exception=Unable to resolve service for type 'SimApi.Operation.Dapper.Category.ICategoryService' while attempting to activate 'SimApi.Service.DapperCategoryContoller.CategoryController'.
2023-06-13 16:52:39.849 [ERR] An unhandled exception has occurred while executing the request.
System.ObjectDisposedException: Cannot access a disposed object.
Object name: 'The stream with Id e3e51102-034b-48d8-b008-e1265e5ede48 and Tag  is disposed.'.
   at Microsoft.IO.RecyclableMemoryStream.ThrowDisposedException() in /_/src/RecyclableMemoryStream.cs:line 1453
   at Microsoft.IO.RecyclableMemoryStream.Write(Byte[] buffer, Int32 offset, Int32 count) in /_/src/RecyclableMemoryStream.cs:line 997
   at System.IO.MemoryStream.WriteAsync(ReadOnlyMemory`1 buffer, CancellationToken cancellationToken)
--- End of stack trace from previous location ---
   at System.IO.Pipelines.StreamPipeWriter.FlushAsyncInternal(Boolean writeToStream, ReadOnlyMemory`1 data, CancellationToken cancellationToken)
   at SimApi.Service.Middleware.ErrorHandlerMiddleware.Invoke(HttpContext context) in C:\Users\ibrah\Desktop\recep hoca ders kayıt\5.hafta\pzr 5hafta\Yeni klasör\pk-sim-main\SimApi\SimApi\Middleware\ErrorHandlerMiddleware.cs:line 33
   at SimApi.Service.Middleware.HeartBeatMiddleware.Invoke(HttpContext context) in C:\Users\ibrah\Desktop\recep hoca ders kayıt\5.hafta\pzr 5hafta\Yeni klasör\pk-sim-main\SimApi\SimApi\Middleware\HeartBeatMiddleware.cs:line 25
   at Swashbuckle.AspNetCore.SwaggerUI.SwaggerUIMiddleware.Invoke(HttpContext httpContext)
   at Swashbuckle.AspNetCore.Swagger.SwaggerMiddleware.Invoke(HttpContext httpContext, ISwaggerProvider swaggerProvider)
   at Microsoft.AspNetCore.Diagnostics.DeveloperExceptionPageMiddleware.Invoke(HttpContext context)
2023-06-13 16:52:39.901 [ERR] An exception was thrown attempting to display the error page.
System.ObjectDisposedException: Cannot access a disposed object.
Object name: 'The stream with Id e3e51102-034b-48d8-b008-e1265e5ede48 and Tag  is disposed.'.
   at Microsoft.IO.RecyclableMemoryStream.ThrowDisposedException() in /_/src/RecyclableMemoryStream.cs:line 1453
   at Microsoft.IO.RecyclableMemoryStream.Write(Byte[] buffer, Int32 offset, Int32 count) in /_/src/RecyclableMemoryStream.cs:line 997
   at System.IO.MemoryStream.WriteAsync(ReadOnlyMemory`1 buffer, CancellationToken cancellationToken)
--- End of stack trace from previous location ---
   at System.IO.Pipelines.StreamPipeWriter.FlushAsyncInternal(Boolean writeToStream, ReadOnlyMemory`1 data, CancellationToken cancellationToken)
   at Microsoft.AspNetCore.Diagnostics.DeveloperExceptionPageMiddleware.Invoke(HttpContext context)
2023-06-13 16:52:39.910 [ERR] Connection id "0HMRC2LNK6N2A", Request id "0HMRC2LNK6N2A:00000017": An unhandled exception was thrown by the application.
System.ObjectDisposedException: Cannot access a disposed object.
Object name: 'The stream with Id e3e51102-034b-48d8-b008-e1265e5ede48 and Tag  is disposed.'.
   at Microsoft.IO.RecyclableMemoryStream.ThrowDisposedException() in /_/src/RecyclableMemoryStream.cs:line 1453
   at Microsoft.IO.RecyclableMemoryStream.Write(Byte[] buffer, Int32 offset, Int32 count) in /_/src/RecyclableMemoryStream.cs:line 997
   at System.IO.MemoryStream.WriteAsync(ReadOnlyMemory`1 buffer, CancellationToken cancellationToken)
--- End of stack trace from previous location ---
   at System.IO.Pipelines.StreamPipeWriter.FlushAsyncInternal(Boolean writeToStream, ReadOnlyMemory`1 data, CancellationToken cancellationToken)
   at SimApi.Service.Middleware.ErrorHandlerMiddleware.Invoke(HttpContext context) in C:\Users\ibrah\Desktop\recep hoca ders kayıt\5.hafta\pzr 5hafta\Yeni klasör\pk-sim-main\SimApi\SimApi\Middleware\ErrorHandlerMiddleware.cs:line 33
   at SimApi.Service.Middleware.HeartBeatMiddleware.Invoke(HttpContext context) in C:\Users\ibrah\Desktop\recep hoca ders kayıt\5.hafta\pzr 5hafta\Yeni klasör\pk-sim-main\SimApi\SimApi\Middleware\HeartBeatMiddleware.cs:line 25
   at Swashbuckle.AspNetCore.SwaggerUI.SwaggerUIMiddleware.Invoke(HttpContext httpContext)
   at Swashbuckle.AspNetCore.Swagger.SwaggerMiddleware.Invoke(HttpContext httpContext, ISwaggerProvider swaggerProvider)
   at Microsoft.AspNetCore.Diagnostics.DeveloperExceptionPageMiddleware.Invoke(HttpContext context)
   at Microsoft.AspNetCore.Diagnostics.DeveloperExceptionPageMiddleware.Invoke(HttpContext context)
   at Microsoft.AspNetCore.Watch.BrowserRefresh.BrowserRefreshMiddleware.InvokeAsync(HttpContext context)
   at Microsoft.AspNetCore.Server.Kestrel.Core.Internal.Http.HttpProtocol.ProcessRequests[TContext](IHttpApplication`1 application)
2023-06-13 16:54:16.034 [INF] Application is starting...
2023-06-13 16:59:13.601 [INF] Application is starting...
2023-06-13 16:59:21.417 [INF] LogHeartBeatMiddleware.Invoke
2023-06-13 16:59:21.420 [INF] LogErrorHandlerMiddleware.Invoke
2023-06-13 16:59:21.422 [INF] LogRequestLoggingMiddleware.Invoke
2023-06-13 16:59:44.507 [INF] -------------Request-Begin------------
2023-06-13 16:59:44.509 [INF] Http Request Information: 
Schema:https 
Host: localhost:7235 
Path: /simapi/v2/Category 
QueryString:  
Request Body: 
2023-06-13 16:59:44.510 [INF] 

2023-06-13 16:59:44.511 [INF] Http Response Information: 
Schema:https 
Host: localhost:7235 
Path: /simapi/v2/Category 
QueryString:  
StatusCode: 200 
Response Body: {"success":true,"message":"Success","response":[]}
2023-06-13 16:59:44.512 [INF] -------------Request-End------------
2023-06-13 17:00:33.031 [INF] LogHeartBeatMiddleware.Invoke
2023-06-13 17:00:33.031 [INF] LogErrorHandlerMiddleware.Invoke
2023-06-13 17:00:33.032 [INF] LogRequestLoggingMiddleware.Invoke
2023-06-13 17:00:42.056 [INF] -------------Request-Begin------------
2023-06-13 17:00:42.058 [INF] Http Request Information: 
Schema:https 
Host: localhost:7235 
Path: /simapi/v2/Category 
QueryString:  
Request Body: {"name":"string","order":0}
2023-06-13 17:00:42.060 [INF] 

2023-06-13 17:00:42.061 [INF] Http Response Information: 
Schema:https 
Host: localhost:7235 
Path: /simapi/v2/Category 
QueryString:  
StatusCode: 200 
Response Body: {"success":true,"message":null}
2023-06-13 17:00:42.062 [INF] -------------Request-End------------
2023-06-13 17:00:54.474 [INF] LogHeartBeatMiddleware.Invoke
2023-06-13 17:00:54.475 [INF] LogErrorHandlerMiddleware.Invoke
2023-06-13 17:00:54.476 [INF] LogRequestLoggingMiddleware.Invoke
2023-06-13 17:00:59.592 [INF] -------------Request-Begin------------
2023-06-13 17:00:59.593 [INF] Http Request Information: 
Schema:https 
Host: localhost:7235 
Path: /simapi/v2/Category/1 
QueryString:  
Request Body: 
2023-06-13 17:00:59.595 [INF] 

2023-06-13 17:00:59.596 [INF] Http Response Information: 
Schema:https 
Host: localhost:7235 
Path: /simapi/v2/Category/1 
QueryString:  
StatusCode: 200 
Response Body: {"success":true,"message":"Success","response":{"name":"string","order":0,"id":1}}
2023-06-13 17:00:59.598 [INF] -------------Request-End------------
